The system is: Linux - 2.6.32-696.6.3.el6.x86_64 - x86_64
Compiling the C compiler identification source file "CMakeCCompilerId.c" succeeded.
Compiler: /usr/bin/cc 
Build flags: 
Id flags: 

The output was:
0


Compilation of the C compiler identification source "CMakeCCompilerId.c" produced "a.out"

The C compiler identification is GNU, found in "/home/ics/mischak/code/EuclidEmulator/EmulatorCode/EucEmu_V1.1.1.clean/NewStructure/wrapper/build/CMakeFiles/3.6.1/CompilerIdC/a.out"

Compiling the CXX compiler identification source file "CMakeCXXCompilerId.cpp" succeeded.
Compiler: /usr/bin/c++ 
Build flags: 
Id flags: 

The output was:
0


Compilation of the CXX compiler identification source "CMakeCXXCompilerId.cpp" produced "a.out"

The CXX compiler identification is GNU, found in "/home/ics/mischak/code/EuclidEmulator/EmulatorCode/EucEmu_V1.1.1.clean/NewStructure/wrapper/build/CMakeFiles/3.6.1/CompilerIdCXX/a.out"

Determining if the C compiler works passed with the following output:
Change Dir: /home/ics/mischak/code/EuclidEmulator/EmulatorCode/EucEmu_V1.1.1.clean/NewStructure/wrapper/build/CMakeFiles/CMakeTmp

Run Build Command:"/usr/bin/gmake" "cmTC_c2ebb/fast"
/usr/bin/gmake -f CMakeFiles/cmTC_c2ebb.dir/build.make CMakeFiles/cmTC_c2ebb.dir/build
gmake[1]: Entering directory `/home/ics/mischak/code/EuclidEmulator/EmulatorCode/EucEmu_V1.1.1.clean/NewStructure/wrapper/build/CMakeFiles/CMakeTmp'
Building C object CMakeFiles/cmTC_c2ebb.dir/testCCompiler.c.o
/usr/bin/cc     -o CMakeFiles/cmTC_c2ebb.dir/testCCompiler.c.o   -c /home/ics/mischak/code/EuclidEmulator/EmulatorCode/EucEmu_V1.1.1.clean/NewStructure/wrapper/build/CMakeFiles/CMakeTmp/testCCompiler.c
Linking C executable cmTC_c2ebb
/usr/bin/cmake3 -E cmake_link_script CMakeFiles/cmTC_c2ebb.dir/link.txt --verbose=1
/usr/bin/cc       CMakeFiles/cmTC_c2ebb.dir/testCCompiler.c.o  -o cmTC_c2ebb -rdynamic 
gmake[1]: Leaving directory `/home/ics/mischak/code/EuclidEmulator/EmulatorCode/EucEmu_V1.1.1.clean/NewStructure/wrapper/build/CMakeFiles/CMakeTmp'


Detecting C compiler ABI info compiled with the following output:
Change Dir: /home/ics/mischak/code/EuclidEmulator/EmulatorCode/EucEmu_V1.1.1.clean/NewStructure/wrapper/build/CMakeFiles/CMakeTmp

Run Build Command:"/usr/bin/gmake" "cmTC_27a79/fast"
/usr/bin/gmake -f CMakeFiles/cmTC_27a79.dir/build.make CMakeFiles/cmTC_27a79.dir/build
gmake[1]: Entering directory `/home/ics/mischak/code/EuclidEmulator/EmulatorCode/EucEmu_V1.1.1.clean/NewStructure/wrapper/build/CMakeFiles/CMakeTmp'
Building C object CMakeFiles/cmTC_27a79.dir/CMakeCCompilerABI.c.o
/usr/bin/cc     -o CMakeFiles/cmTC_27a79.dir/CMakeCCompilerABI.c.o   -c /usr/share/cmake3/Modules/CMakeCCompilerABI.c
Linking C executable cmTC_27a79
/usr/bin/cmake3 -E cmake_link_script CMakeFiles/cmTC_27a79.dir/link.txt --verbose=1
/usr/bin/cc      -v CMakeFiles/cmTC_27a79.dir/CMakeCCompilerABI.c.o  -o cmTC_27a79 -rdynamic  
Es werden eingebaute Spezifikationen verwendet.
Ziel: x86_64-redhat-linux
Konfiguriert mit: ../configure --prefix=/usr --mandir=/usr/share/man --infodir=/usr/share/info --with-bugurl=http://bugzilla.redhat.com/bugzilla --enable-bootstrap --enable-shared --enable-threads=posix --enable-checking=release --with-system-zlib --enable-__cxa_atexit --disable-libunwind-exceptions --enable-gnu-unique-object --enable-languages=c,c++,objc,obj-c++,java,fortran,ada --enable-java-awt=gtk --disable-dssi --with-java-home=/usr/lib/jvm/java-1.5.0-gcj-1.5.0.0/jre --enable-libgcj-multifile --enable-java-maintainer-mode --with-ecj-jar=/usr/share/java/eclipse-ecj.jar --disable-libjava-multilib --with-ppl --with-cloog --with-tune=generic --with-arch_32=i686 --build=x86_64-redhat-linux
Thread-Modell: posix
gcc-Version 4.4.7 20120313 (Red Hat 4.4.7-18) (GCC) 
COMPILER_PATH=/usr/libexec/gcc/x86_64-redhat-linux/4.4.7/:/usr/libexec/gcc/x86_64-redhat-linux/4.4.7/:/usr/libexec/gcc/x86_64-redhat-linux/:/usr/lib/gcc/x86_64-redhat-linux/4.4.7/:/usr/lib/gcc/x86_64-redhat-linux/:/usr/libexec/gcc/x86_64-redhat-linux/4.4.7/:/usr/libexec/gcc/x86_64-redhat-linux/:/usr/lib/gcc/x86_64-redhat-linux/4.4.7/:/usr/lib/gcc/x86_64-redhat-linux/
LIBRARY_PATH=/usr/lib/gcc/x86_64-redhat-linux/4.4.7/:/usr/lib/gcc/x86_64-redhat-linux/4.4.7/:/usr/lib/gcc/x86_64-redhat-linux/4.4.7/../../../../lib64/:/lib/../lib64/:/usr/lib/../lib64/:/opt/intel/composer_xe_2013.5.192/compiler/lib/intel64/:/opt/intel/composer_xe_2013.5.192/ipp/../compiler/lib/intel64/:/opt/intel/composer_xe_2013.5.192/ipp/lib/intel64/:/opt/intel/composer_xe_2013.5.192/compiler/lib/intel64/:/opt/intel/composer_xe_2013.5.192/mkl/lib/intel64/:/opt/intel/composer_xe_2013.5.192/tbb/lib/intel64/gcc4.4/:/usr/lib/gcc/x86_64-redhat-linux/4.4.7/../../../:/lib/:/usr/lib/
COLLECT_GCC_OPTIONS='-v' '-o' 'cmTC_27a79' '-rdynamic' '-mtune=generic'
 /usr/libexec/gcc/x86_64-redhat-linux/4.4.7/collect2 --eh-frame-hdr --build-id -m elf_x86_64 --hash-style=gnu -export-dynamic -dynamic-linker /lib64/ld-linux-x86-64.so.2 -o cmTC_27a79 /usr/lib/gcc/x86_64-redhat-linux/4.4.7/../../../../lib64/crt1.o /usr/lib/gcc/x86_64-redhat-linux/4.4.7/../../../../lib64/crti.o /usr/lib/gcc/x86_64-redhat-linux/4.4.7/crtbegin.o -L/usr/lib/gcc/x86_64-redhat-linux/4.4.7 -L/usr/lib/gcc/x86_64-redhat-linux/4.4.7 -L/usr/lib/gcc/x86_64-redhat-linux/4.4.7/../../../../lib64 -L/lib/../lib64 -L/usr/lib/../lib64 -L/opt/intel/composer_xe_2013.5.192/compiler/lib/intel64 -L/opt/intel/composer_xe_2013.5.192/ipp/../compiler/lib/intel64 -L/opt/intel/composer_xe_2013.5.192/ipp/lib/intel64 -L/opt/intel/composer_xe_2013.5.192/compiler/lib/intel64 -L/opt/intel/composer_xe_2013.5.192/mkl/lib/intel64 -L/opt/intel/composer_xe_2013.5.192/tbb/lib/intel64/gcc4.4 -L/usr/lib/gcc/x86_64-redhat-linux/4.4.7/../../.. CMakeFiles/cmTC_27a79.dir/CMakeCCompilerABI.c.o -lgcc --as-needed -lgcc_s --no-as-needed -lc -lgcc --as-needed -lgcc_s --no-as-needed /usr/lib/gcc/x86_64-redhat-linux/4.4.7/crtend.o /usr/lib/gcc/x86_64-redhat-linux/4.4.7/../../../../lib64/crtn.o
gmake[1]: Leaving directory `/home/ics/mischak/code/EuclidEmulator/EmulatorCode/EucEmu_V1.1.1.clean/NewStructure/wrapper/build/CMakeFiles/CMakeTmp'


Parsed C implicit link information from above output:
  link line regex: [^( *|.*[/\])(ld|([^/\]+-)?ld|collect2)[^/\]*( |$)]
  ignore line: [Change Dir: /home/ics/mischak/code/EuclidEmulator/EmulatorCode/EucEmu_V1.1.1.clean/NewStructure/wrapper/build/CMakeFiles/CMakeTmp]
  ignore line: []
  ignore line: [Run Build Command:"/usr/bin/gmake" "cmTC_27a79/fast"]
  ignore line: [/usr/bin/gmake -f CMakeFiles/cmTC_27a79.dir/build.make CMakeFiles/cmTC_27a79.dir/build]
  ignore line: [gmake[1]: Entering directory `/home/ics/mischak/code/EuclidEmulator/EmulatorCode/EucEmu_V1.1.1.clean/NewStructure/wrapper/build/CMakeFiles/CMakeTmp']
  ignore line: [Building C object CMakeFiles/cmTC_27a79.dir/CMakeCCompilerABI.c.o]
  ignore line: [/usr/bin/cc     -o CMakeFiles/cmTC_27a79.dir/CMakeCCompilerABI.c.o   -c /usr/share/cmake3/Modules/CMakeCCompilerABI.c]
  ignore line: [Linking C executable cmTC_27a79]
  ignore line: [/usr/bin/cmake3 -E cmake_link_script CMakeFiles/cmTC_27a79.dir/link.txt --verbose=1]
  ignore line: [/usr/bin/cc      -v CMakeFiles/cmTC_27a79.dir/CMakeCCompilerABI.c.o  -o cmTC_27a79 -rdynamic  ]
  ignore line: [Es werden eingebaute Spezifikationen verwendet.]
  ignore line: [Ziel: x86_64-redhat-linux]
  ignore line: [Konfiguriert mit: ../configure --prefix=/usr --mandir=/usr/share/man --infodir=/usr/share/info --with-bugurl=http://bugzilla.redhat.com/bugzilla --enable-bootstrap --enable-shared --enable-threads=posix --enable-checking=release --with-system-zlib --enable-__cxa_atexit --disable-libunwind-exceptions --enable-gnu-unique-object --enable-languages=c,c++,objc,obj-c++,java,fortran,ada --enable-java-awt=gtk --disable-dssi --with-java-home=/usr/lib/jvm/java-1.5.0-gcj-1.5.0.0/jre --enable-libgcj-multifile --enable-java-maintainer-mode --with-ecj-jar=/usr/share/java/eclipse-ecj.jar --disable-libjava-multilib --with-ppl --with-cloog --with-tune=generic --with-arch_32=i686 --build=x86_64-redhat-linux]
  ignore line: [Thread-Modell: posix]
  ignore line: [gcc-Version 4.4.7 20120313 (Red Hat 4.4.7-18) (GCC) ]
  ignore line: [COMPILER_PATH=/usr/libexec/gcc/x86_64-redhat-linux/4.4.7/:/usr/libexec/gcc/x86_64-redhat-linux/4.4.7/:/usr/libexec/gcc/x86_64-redhat-linux/:/usr/lib/gcc/x86_64-redhat-linux/4.4.7/:/usr/lib/gcc/x86_64-redhat-linux/:/usr/libexec/gcc/x86_64-redhat-linux/4.4.7/:/usr/libexec/gcc/x86_64-redhat-linux/:/usr/lib/gcc/x86_64-redhat-linux/4.4.7/:/usr/lib/gcc/x86_64-redhat-linux/]
  ignore line: [LIBRARY_PATH=/usr/lib/gcc/x86_64-redhat-linux/4.4.7/:/usr/lib/gcc/x86_64-redhat-linux/4.4.7/:/usr/lib/gcc/x86_64-redhat-linux/4.4.7/../../../../lib64/:/lib/../lib64/:/usr/lib/../lib64/:/opt/intel/composer_xe_2013.5.192/compiler/lib/intel64/:/opt/intel/composer_xe_2013.5.192/ipp/../compiler/lib/intel64/:/opt/intel/composer_xe_2013.5.192/ipp/lib/intel64/:/opt/intel/composer_xe_2013.5.192/compiler/lib/intel64/:/opt/intel/composer_xe_2013.5.192/mkl/lib/intel64/:/opt/intel/composer_xe_2013.5.192/tbb/lib/intel64/gcc4.4/:/usr/lib/gcc/x86_64-redhat-linux/4.4.7/../../../:/lib/:/usr/lib/]
  ignore line: [COLLECT_GCC_OPTIONS='-v' '-o' 'cmTC_27a79' '-rdynamic' '-mtune=generic']
  link line: [ /usr/libexec/gcc/x86_64-redhat-linux/4.4.7/collect2 --eh-frame-hdr --build-id -m elf_x86_64 --hash-style=gnu -export-dynamic -dynamic-linker /lib64/ld-linux-x86-64.so.2 -o cmTC_27a79 /usr/lib/gcc/x86_64-redhat-linux/4.4.7/../../../../lib64/crt1.o /usr/lib/gcc/x86_64-redhat-linux/4.4.7/../../../../lib64/crti.o /usr/lib/gcc/x86_64-redhat-linux/4.4.7/crtbegin.o -L/usr/lib/gcc/x86_64-redhat-linux/4.4.7 -L/usr/lib/gcc/x86_64-redhat-linux/4.4.7 -L/usr/lib/gcc/x86_64-redhat-linux/4.4.7/../../../../lib64 -L/lib/../lib64 -L/usr/lib/../lib64 -L/opt/intel/composer_xe_2013.5.192/compiler/lib/intel64 -L/opt/intel/composer_xe_2013.5.192/ipp/../compiler/lib/intel64 -L/opt/intel/composer_xe_2013.5.192/ipp/lib/intel64 -L/opt/intel/composer_xe_2013.5.192/compiler/lib/intel64 -L/opt/intel/composer_xe_2013.5.192/mkl/lib/intel64 -L/opt/intel/composer_xe_2013.5.192/tbb/lib/intel64/gcc4.4 -L/usr/lib/gcc/x86_64-redhat-linux/4.4.7/../../.. CMakeFiles/cmTC_27a79.dir/CMakeCCompilerABI.c.o -lgcc --as-needed -lgcc_s --no-as-needed -lc -lgcc --as-needed -lgcc_s --no-as-needed /usr/lib/gcc/x86_64-redhat-linux/4.4.7/crtend.o /usr/lib/gcc/x86_64-redhat-linux/4.4.7/../../../../lib64/crtn.o]
    arg [/usr/libexec/gcc/x86_64-redhat-linux/4.4.7/collect2] ==> ignore
    arg [--eh-frame-hdr] ==> ignore
    arg [--build-id] ==> ignore
    arg [-m] ==> ignore
    arg [elf_x86_64] ==> ignore
    arg [--hash-style=gnu] ==> ignore
    arg [-export-dynamic] ==> ignore
    arg [-dynamic-linker] ==> ignore
    arg [/lib64/ld-linux-x86-64.so.2] ==> ignore
    arg [-o] ==> ignore
    arg [cmTC_27a79] ==> ignore
    arg [/usr/lib/gcc/x86_64-redhat-linux/4.4.7/../../../../lib64/crt1.o] ==> ignore
    arg [/usr/lib/gcc/x86_64-redhat-linux/4.4.7/../../../../lib64/crti.o] ==> ignore
    arg [/usr/lib/gcc/x86_64-redhat-linux/4.4.7/crtbegin.o] ==> ignore
    arg [-L/usr/lib/gcc/x86_64-redhat-linux/4.4.7] ==> dir [/usr/lib/gcc/x86_64-redhat-linux/4.4.7]
    arg [-L/usr/lib/gcc/x86_64-redhat-linux/4.4.7] ==> dir [/usr/lib/gcc/x86_64-redhat-linux/4.4.7]
    arg [-L/usr/lib/gcc/x86_64-redhat-linux/4.4.7/../../../../lib64] ==> dir [/usr/lib/gcc/x86_64-redhat-linux/4.4.7/../../../../lib64]
    arg [-L/lib/../lib64] ==> dir [/lib/../lib64]
    arg [-L/usr/lib/../lib64] ==> dir [/usr/lib/../lib64]
    arg [-L/opt/intel/composer_xe_2013.5.192/compiler/lib/intel64] ==> dir [/opt/intel/composer_xe_2013.5.192/compiler/lib/intel64]
    arg [-L/opt/intel/composer_xe_2013.5.192/ipp/../compiler/lib/intel64] ==> dir [/opt/intel/composer_xe_2013.5.192/ipp/../compiler/lib/intel64]
    arg [-L/opt/intel/composer_xe_2013.5.192/ipp/lib/intel64] ==> dir [/opt/intel/composer_xe_2013.5.192/ipp/lib/intel64]
    arg [-L/opt/intel/composer_xe_2013.5.192/compiler/lib/intel64] ==> dir [/opt/intel/composer_xe_2013.5.192/compiler/lib/intel64]
    arg [-L/opt/intel/composer_xe_2013.5.192/mkl/lib/intel64] ==> dir [/opt/intel/composer_xe_2013.5.192/mkl/lib/intel64]
    arg [-L/opt/intel/composer_xe_2013.5.192/tbb/lib/intel64/gcc4.4] ==> dir [/opt/intel/composer_xe_2013.5.192/tbb/lib/intel64/gcc4.4]
    arg [-L/usr/lib/gcc/x86_64-redhat-linux/4.4.7/../../..] ==> dir [/usr/lib/gcc/x86_64-redhat-linux/4.4.7/../../..]
    arg [CMakeFiles/cmTC_27a79.dir/CMakeCCompilerABI.c.o] ==> ignore
    arg [-lgcc] ==> lib [gcc]
    arg [--as-needed] ==> ignore
    arg [-lgcc_s] ==> lib [gcc_s]
    arg [--no-as-needed] ==> ignore
    arg [-lc] ==> lib [c]
    arg [-lgcc] ==> lib [gcc]
    arg [--as-needed] ==> ignore
    arg [-lgcc_s] ==> lib [gcc_s]
    arg [--no-as-needed] ==> ignore
    arg [/usr/lib/gcc/x86_64-redhat-linux/4.4.7/crtend.o] ==> ignore
    arg [/usr/lib/gcc/x86_64-redhat-linux/4.4.7/../../../../lib64/crtn.o] ==> ignore
  remove lib [gcc]
  remove lib [gcc_s]
  remove lib [gcc]
  remove lib [gcc_s]
  collapse library dir [/usr/lib/gcc/x86_64-redhat-linux/4.4.7] ==> [/usr/lib/gcc/x86_64-redhat-linux/4.4.7]
  collapse library dir [/usr/lib/gcc/x86_64-redhat-linux/4.4.7] ==> [/usr/lib/gcc/x86_64-redhat-linux/4.4.7]
  collapse library dir [/usr/lib/gcc/x86_64-redhat-linux/4.4.7/../../../../lib64] ==> [/usr/lib64]
  collapse library dir [/lib/../lib64] ==> [/lib64]
  collapse library dir [/usr/lib/../lib64] ==> [/usr/lib64]
  collapse library dir [/opt/intel/composer_xe_2013.5.192/compiler/lib/intel64] ==> [/opt/intel/composer_xe_2013.5.192/compiler/lib/intel64]
  collapse library dir [/opt/intel/composer_xe_2013.5.192/ipp/../compiler/lib/intel64] ==> [/opt/intel/composer_xe_2013.5.192/compiler/lib/intel64]
  collapse library dir [/opt/intel/composer_xe_2013.5.192/ipp/lib/intel64] ==> [/opt/intel/composer_xe_2013.5.192/ipp/lib/intel64]
  collapse library dir [/opt/intel/composer_xe_2013.5.192/compiler/lib/intel64] ==> [/opt/intel/composer_xe_2013.5.192/compiler/lib/intel64]
  collapse library dir [/opt/intel/composer_xe_2013.5.192/mkl/lib/intel64] ==> [/opt/intel/composer_xe_2013.5.192/mkl/lib/intel64]
  collapse library dir [/opt/intel/composer_xe_2013.5.192/tbb/lib/intel64/gcc4.4] ==> [/opt/intel/composer_xe_2013.5.192/tbb/lib/intel64/gcc4.4]
  collapse library dir [/usr/lib/gcc/x86_64-redhat-linux/4.4.7/../../..] ==> [/usr/lib]
  implicit libs: [c]
  implicit dirs: [/usr/lib/gcc/x86_64-redhat-linux/4.4.7;/usr/lib64;/lib64;/opt/intel/composer_xe_2013.5.192/compiler/lib/intel64;/opt/intel/composer_xe_2013.5.192/ipp/lib/intel64;/opt/intel/composer_xe_2013.5.192/mkl/lib/intel64;/opt/intel/composer_xe_2013.5.192/tbb/lib/intel64/gcc4.4;/usr/lib]
  implicit fwks: []




Detecting C [-std=c99] compiler features compiled with the following output:
Change Dir: /home/ics/mischak/code/EuclidEmulator/EmulatorCode/EucEmu_V1.1.1.clean/NewStructure/wrapper/build/CMakeFiles/CMakeTmp

Run Build Command:"/usr/bin/gmake" "cmTC_2dff2/fast"
/usr/bin/gmake -f CMakeFiles/cmTC_2dff2.dir/build.make CMakeFiles/cmTC_2dff2.dir/build
gmake[1]: Entering directory `/home/ics/mischak/code/EuclidEmulator/EmulatorCode/EucEmu_V1.1.1.clean/NewStructure/wrapper/build/CMakeFiles/CMakeTmp'
Building C object CMakeFiles/cmTC_2dff2.dir/feature_tests.c.o
/usr/bin/cc    -std=c99 -o CMakeFiles/cmTC_2dff2.dir/feature_tests.c.o   -c /home/ics/mischak/code/EuclidEmulator/EmulatorCode/EucEmu_V1.1.1.clean/NewStructure/wrapper/build/CMakeFiles/feature_tests.c
Linking C executable cmTC_2dff2
/usr/bin/cmake3 -E cmake_link_script CMakeFiles/cmTC_2dff2.dir/link.txt --verbose=1
/usr/bin/cc       CMakeFiles/cmTC_2dff2.dir/feature_tests.c.o  -o cmTC_2dff2 -rdynamic 
gmake[1]: Leaving directory `/home/ics/mischak/code/EuclidEmulator/EmulatorCode/EucEmu_V1.1.1.clean/NewStructure/wrapper/build/CMakeFiles/CMakeTmp'


    Feature record: C_FEATURE:1c_function_prototypes
    Feature record: C_FEATURE:1c_restrict
    Feature record: C_FEATURE:0c_static_assert
    Feature record: C_FEATURE:1c_variadic_macros


Detecting C [-std=c89] compiler features compiled with the following output:
Change Dir: /home/ics/mischak/code/EuclidEmulator/EmulatorCode/EucEmu_V1.1.1.clean/NewStructure/wrapper/build/CMakeFiles/CMakeTmp

Run Build Command:"/usr/bin/gmake" "cmTC_09dfd/fast"
/usr/bin/gmake -f CMakeFiles/cmTC_09dfd.dir/build.make CMakeFiles/cmTC_09dfd.dir/build
gmake[1]: Entering directory `/home/ics/mischak/code/EuclidEmulator/EmulatorCode/EucEmu_V1.1.1.clean/NewStructure/wrapper/build/CMakeFiles/CMakeTmp'
Building C object CMakeFiles/cmTC_09dfd.dir/feature_tests.c.o
/usr/bin/cc    -std=c89 -o CMakeFiles/cmTC_09dfd.dir/feature_tests.c.o   -c /home/ics/mischak/code/EuclidEmulator/EmulatorCode/EucEmu_V1.1.1.clean/NewStructure/wrapper/build/CMakeFiles/feature_tests.c
Linking C executable cmTC_09dfd
/usr/bin/cmake3 -E cmake_link_script CMakeFiles/cmTC_09dfd.dir/link.txt --verbose=1
/usr/bin/cc       CMakeFiles/cmTC_09dfd.dir/feature_tests.c.o  -o cmTC_09dfd -rdynamic 
gmake[1]: Leaving directory `/home/ics/mischak/code/EuclidEmulator/EmulatorCode/EucEmu_V1.1.1.clean/NewStructure/wrapper/build/CMakeFiles/CMakeTmp'


    Feature record: C_FEATURE:1c_function_prototypes
    Feature record: C_FEATURE:0c_restrict
    Feature record: C_FEATURE:0c_static_assert
    Feature record: C_FEATURE:0c_variadic_macros
Determining if the CXX compiler works passed with the following output:
Change Dir: /home/ics/mischak/code/EuclidEmulator/EmulatorCode/EucEmu_V1.1.1.clean/NewStructure/wrapper/build/CMakeFiles/CMakeTmp

Run Build Command:"/usr/bin/gmake" "cmTC_87ec6/fast"
/usr/bin/gmake -f CMakeFiles/cmTC_87ec6.dir/build.make CMakeFiles/cmTC_87ec6.dir/build
gmake[1]: Entering directory `/home/ics/mischak/code/EuclidEmulator/EmulatorCode/EucEmu_V1.1.1.clean/NewStructure/wrapper/build/CMakeFiles/CMakeTmp'
Building CXX object CMakeFiles/cmTC_87ec6.dir/testCXXCompiler.cxx.o
/usr/bin/c++      -o CMakeFiles/cmTC_87ec6.dir/testCXXCompiler.cxx.o -c /home/ics/mischak/code/EuclidEmulator/EmulatorCode/EucEmu_V1.1.1.clean/NewStructure/wrapper/build/CMakeFiles/CMakeTmp/testCXXCompiler.cxx
Linking CXX executable cmTC_87ec6
/usr/bin/cmake3 -E cmake_link_script CMakeFiles/cmTC_87ec6.dir/link.txt --verbose=1
/usr/bin/c++        CMakeFiles/cmTC_87ec6.dir/testCXXCompiler.cxx.o  -o cmTC_87ec6 -rdynamic 
gmake[1]: Leaving directory `/home/ics/mischak/code/EuclidEmulator/EmulatorCode/EucEmu_V1.1.1.clean/NewStructure/wrapper/build/CMakeFiles/CMakeTmp'


Detecting CXX compiler ABI info compiled with the following output:
Change Dir: /home/ics/mischak/code/EuclidEmulator/EmulatorCode/EucEmu_V1.1.1.clean/NewStructure/wrapper/build/CMakeFiles/CMakeTmp

Run Build Command:"/usr/bin/gmake" "cmTC_6abbc/fast"
/usr/bin/gmake -f CMakeFiles/cmTC_6abbc.dir/build.make CMakeFiles/cmTC_6abbc.dir/build
gmake[1]: Entering directory `/home/ics/mischak/code/EuclidEmulator/EmulatorCode/EucEmu_V1.1.1.clean/NewStructure/wrapper/build/CMakeFiles/CMakeTmp'
Building CXX object CMakeFiles/cmTC_6abbc.dir/CMakeCXXCompilerABI.cpp.o
/usr/bin/c++      -o CMakeFiles/cmTC_6abbc.dir/CMakeCXXCompilerABI.cpp.o -c /usr/share/cmake3/Modules/CMakeCXXCompilerABI.cpp
Linking CXX executable cmTC_6abbc
/usr/bin/cmake3 -E cmake_link_script CMakeFiles/cmTC_6abbc.dir/link.txt --verbose=1
/usr/bin/c++       -v CMakeFiles/cmTC_6abbc.dir/CMakeCXXCompilerABI.cpp.o  -o cmTC_6abbc -rdynamic  
Es werden eingebaute Spezifikationen verwendet.
Ziel: x86_64-redhat-linux
Konfiguriert mit: ../configure --prefix=/usr --mandir=/usr/share/man --infodir=/usr/share/info --with-bugurl=http://bugzilla.redhat.com/bugzilla --enable-bootstrap --enable-shared --enable-threads=posix --enable-checking=release --with-system-zlib --enable-__cxa_atexit --disable-libunwind-exceptions --enable-gnu-unique-object --enable-languages=c,c++,objc,obj-c++,java,fortran,ada --enable-java-awt=gtk --disable-dssi --with-java-home=/usr/lib/jvm/java-1.5.0-gcj-1.5.0.0/jre --enable-libgcj-multifile --enable-java-maintainer-mode --with-ecj-jar=/usr/share/java/eclipse-ecj.jar --disable-libjava-multilib --with-ppl --with-cloog --with-tune=generic --with-arch_32=i686 --build=x86_64-redhat-linux
Thread-Modell: posix
gcc-Version 4.4.7 20120313 (Red Hat 4.4.7-18) (GCC) 
COMPILER_PATH=/usr/libexec/gcc/x86_64-redhat-linux/4.4.7/:/usr/libexec/gcc/x86_64-redhat-linux/4.4.7/:/usr/libexec/gcc/x86_64-redhat-linux/:/usr/lib/gcc/x86_64-redhat-linux/4.4.7/:/usr/lib/gcc/x86_64-redhat-linux/:/usr/libexec/gcc/x86_64-redhat-linux/4.4.7/:/usr/libexec/gcc/x86_64-redhat-linux/:/usr/lib/gcc/x86_64-redhat-linux/4.4.7/:/usr/lib/gcc/x86_64-redhat-linux/
LIBRARY_PATH=/usr/lib/gcc/x86_64-redhat-linux/4.4.7/:/usr/lib/gcc/x86_64-redhat-linux/4.4.7/:/usr/lib/gcc/x86_64-redhat-linux/4.4.7/../../../../lib64/:/lib/../lib64/:/usr/lib/../lib64/:/opt/intel/composer_xe_2013.5.192/compiler/lib/intel64/:/opt/intel/composer_xe_2013.5.192/ipp/../compiler/lib/intel64/:/opt/intel/composer_xe_2013.5.192/ipp/lib/intel64/:/opt/intel/composer_xe_2013.5.192/compiler/lib/intel64/:/opt/intel/composer_xe_2013.5.192/mkl/lib/intel64/:/opt/intel/composer_xe_2013.5.192/tbb/lib/intel64/gcc4.4/:/usr/lib/gcc/x86_64-redhat-linux/4.4.7/../../../:/lib/:/usr/lib/
COLLECT_GCC_OPTIONS='-v' '-o' 'cmTC_6abbc' '-rdynamic' '-shared-libgcc' '-mtune=generic'
 /usr/libexec/gcc/x86_64-redhat-linux/4.4.7/collect2 --eh-frame-hdr --build-id -m elf_x86_64 --hash-style=gnu -export-dynamic -dynamic-linker /lib64/ld-linux-x86-64.so.2 -o cmTC_6abbc /usr/lib/gcc/x86_64-redhat-linux/4.4.7/../../../../lib64/crt1.o /usr/lib/gcc/x86_64-redhat-linux/4.4.7/../../../../lib64/crti.o /usr/lib/gcc/x86_64-redhat-linux/4.4.7/crtbegin.o -L/usr/lib/gcc/x86_64-redhat-linux/4.4.7 -L/usr/lib/gcc/x86_64-redhat-linux/4.4.7 -L/usr/lib/gcc/x86_64-redhat-linux/4.4.7/../../../../lib64 -L/lib/../lib64 -L/usr/lib/../lib64 -L/opt/intel/composer_xe_2013.5.192/compiler/lib/intel64 -L/opt/intel/composer_xe_2013.5.192/ipp/../compiler/lib/intel64 -L/opt/intel/composer_xe_2013.5.192/ipp/lib/intel64 -L/opt/intel/composer_xe_2013.5.192/compiler/lib/intel64 -L/opt/intel/composer_xe_2013.5.192/mkl/lib/intel64 -L/opt/intel/composer_xe_2013.5.192/tbb/lib/intel64/gcc4.4 -L/usr/lib/gcc/x86_64-redhat-linux/4.4.7/../../.. CMakeFiles/cmTC_6abbc.dir/CMakeCXXCompilerABI.cpp.o -lstdc++ -lm -lgcc_s -lgcc -lc -lgcc_s -lgcc /usr/lib/gcc/x86_64-redhat-linux/4.4.7/crtend.o /usr/lib/gcc/x86_64-redhat-linux/4.4.7/../../../../lib64/crtn.o
gmake[1]: Leaving directory `/home/ics/mischak/code/EuclidEmulator/EmulatorCode/EucEmu_V1.1.1.clean/NewStructure/wrapper/build/CMakeFiles/CMakeTmp'


Parsed CXX implicit link information from above output:
  link line regex: [^( *|.*[/\])(ld|([^/\]+-)?ld|collect2)[^/\]*( |$)]
  ignore line: [Change Dir: /home/ics/mischak/code/EuclidEmulator/EmulatorCode/EucEmu_V1.1.1.clean/NewStructure/wrapper/build/CMakeFiles/CMakeTmp]
  ignore line: []
  ignore line: [Run Build Command:"/usr/bin/gmake" "cmTC_6abbc/fast"]
  ignore line: [/usr/bin/gmake -f CMakeFiles/cmTC_6abbc.dir/build.make CMakeFiles/cmTC_6abbc.dir/build]
  ignore line: [gmake[1]: Entering directory `/home/ics/mischak/code/EuclidEmulator/EmulatorCode/EucEmu_V1.1.1.clean/NewStructure/wrapper/build/CMakeFiles/CMakeTmp']
  ignore line: [Building CXX object CMakeFiles/cmTC_6abbc.dir/CMakeCXXCompilerABI.cpp.o]
  ignore line: [/usr/bin/c++      -o CMakeFiles/cmTC_6abbc.dir/CMakeCXXCompilerABI.cpp.o -c /usr/share/cmake3/Modules/CMakeCXXCompilerABI.cpp]
  ignore line: [Linking CXX executable cmTC_6abbc]
  ignore line: [/usr/bin/cmake3 -E cmake_link_script CMakeFiles/cmTC_6abbc.dir/link.txt --verbose=1]
  ignore line: [/usr/bin/c++       -v CMakeFiles/cmTC_6abbc.dir/CMakeCXXCompilerABI.cpp.o  -o cmTC_6abbc -rdynamic  ]
  ignore line: [Es werden eingebaute Spezifikationen verwendet.]
  ignore line: [Ziel: x86_64-redhat-linux]
  ignore line: [Konfiguriert mit: ../configure --prefix=/usr --mandir=/usr/share/man --infodir=/usr/share/info --with-bugurl=http://bugzilla.redhat.com/bugzilla --enable-bootstrap --enable-shared --enable-threads=posix --enable-checking=release --with-system-zlib --enable-__cxa_atexit --disable-libunwind-exceptions --enable-gnu-unique-object --enable-languages=c,c++,objc,obj-c++,java,fortran,ada --enable-java-awt=gtk --disable-dssi --with-java-home=/usr/lib/jvm/java-1.5.0-gcj-1.5.0.0/jre --enable-libgcj-multifile --enable-java-maintainer-mode --with-ecj-jar=/usr/share/java/eclipse-ecj.jar --disable-libjava-multilib --with-ppl --with-cloog --with-tune=generic --with-arch_32=i686 --build=x86_64-redhat-linux]
  ignore line: [Thread-Modell: posix]
  ignore line: [gcc-Version 4.4.7 20120313 (Red Hat 4.4.7-18) (GCC) ]
  ignore line: [COMPILER_PATH=/usr/libexec/gcc/x86_64-redhat-linux/4.4.7/:/usr/libexec/gcc/x86_64-redhat-linux/4.4.7/:/usr/libexec/gcc/x86_64-redhat-linux/:/usr/lib/gcc/x86_64-redhat-linux/4.4.7/:/usr/lib/gcc/x86_64-redhat-linux/:/usr/libexec/gcc/x86_64-redhat-linux/4.4.7/:/usr/libexec/gcc/x86_64-redhat-linux/:/usr/lib/gcc/x86_64-redhat-linux/4.4.7/:/usr/lib/gcc/x86_64-redhat-linux/]
  ignore line: [LIBRARY_PATH=/usr/lib/gcc/x86_64-redhat-linux/4.4.7/:/usr/lib/gcc/x86_64-redhat-linux/4.4.7/:/usr/lib/gcc/x86_64-redhat-linux/4.4.7/../../../../lib64/:/lib/../lib64/:/usr/lib/../lib64/:/opt/intel/composer_xe_2013.5.192/compiler/lib/intel64/:/opt/intel/composer_xe_2013.5.192/ipp/../compiler/lib/intel64/:/opt/intel/composer_xe_2013.5.192/ipp/lib/intel64/:/opt/intel/composer_xe_2013.5.192/compiler/lib/intel64/:/opt/intel/composer_xe_2013.5.192/mkl/lib/intel64/:/opt/intel/composer_xe_2013.5.192/tbb/lib/intel64/gcc4.4/:/usr/lib/gcc/x86_64-redhat-linux/4.4.7/../../../:/lib/:/usr/lib/]
  ignore line: [COLLECT_GCC_OPTIONS='-v' '-o' 'cmTC_6abbc' '-rdynamic' '-shared-libgcc' '-mtune=generic']
  link line: [ /usr/libexec/gcc/x86_64-redhat-linux/4.4.7/collect2 --eh-frame-hdr --build-id -m elf_x86_64 --hash-style=gnu -export-dynamic -dynamic-linker /lib64/ld-linux-x86-64.so.2 -o cmTC_6abbc /usr/lib/gcc/x86_64-redhat-linux/4.4.7/../../../../lib64/crt1.o /usr/lib/gcc/x86_64-redhat-linux/4.4.7/../../../../lib64/crti.o /usr/lib/gcc/x86_64-redhat-linux/4.4.7/crtbegin.o -L/usr/lib/gcc/x86_64-redhat-linux/4.4.7 -L/usr/lib/gcc/x86_64-redhat-linux/4.4.7 -L/usr/lib/gcc/x86_64-redhat-linux/4.4.7/../../../../lib64 -L/lib/../lib64 -L/usr/lib/../lib64 -L/opt/intel/composer_xe_2013.5.192/compiler/lib/intel64 -L/opt/intel/composer_xe_2013.5.192/ipp/../compiler/lib/intel64 -L/opt/intel/composer_xe_2013.5.192/ipp/lib/intel64 -L/opt/intel/composer_xe_2013.5.192/compiler/lib/intel64 -L/opt/intel/composer_xe_2013.5.192/mkl/lib/intel64 -L/opt/intel/composer_xe_2013.5.192/tbb/lib/intel64/gcc4.4 -L/usr/lib/gcc/x86_64-redhat-linux/4.4.7/../../.. CMakeFiles/cmTC_6abbc.dir/CMakeCXXCompilerABI.cpp.o -lstdc++ -lm -lgcc_s -lgcc -lc -lgcc_s -lgcc /usr/lib/gcc/x86_64-redhat-linux/4.4.7/crtend.o /usr/lib/gcc/x86_64-redhat-linux/4.4.7/../../../../lib64/crtn.o]
    arg [/usr/libexec/gcc/x86_64-redhat-linux/4.4.7/collect2] ==> ignore
    arg [--eh-frame-hdr] ==> ignore
    arg [--build-id] ==> ignore
    arg [-m] ==> ignore
    arg [elf_x86_64] ==> ignore
    arg [--hash-style=gnu] ==> ignore
    arg [-export-dynamic] ==> ignore
    arg [-dynamic-linker] ==> ignore
    arg [/lib64/ld-linux-x86-64.so.2] ==> ignore
    arg [-o] ==> ignore
    arg [cmTC_6abbc] ==> ignore
    arg [/usr/lib/gcc/x86_64-redhat-linux/4.4.7/../../../../lib64/crt1.o] ==> ignore
    arg [/usr/lib/gcc/x86_64-redhat-linux/4.4.7/../../../../lib64/crti.o] ==> ignore
    arg [/usr/lib/gcc/x86_64-redhat-linux/4.4.7/crtbegin.o] ==> ignore
    arg [-L/usr/lib/gcc/x86_64-redhat-linux/4.4.7] ==> dir [/usr/lib/gcc/x86_64-redhat-linux/4.4.7]
    arg [-L/usr/lib/gcc/x86_64-redhat-linux/4.4.7] ==> dir [/usr/lib/gcc/x86_64-redhat-linux/4.4.7]
    arg [-L/usr/lib/gcc/x86_64-redhat-linux/4.4.7/../../../../lib64] ==> dir [/usr/lib/gcc/x86_64-redhat-linux/4.4.7/../../../../lib64]
    arg [-L/lib/../lib64] ==> dir [/lib/../lib64]
    arg [-L/usr/lib/../lib64] ==> dir [/usr/lib/../lib64]
    arg [-L/opt/intel/composer_xe_2013.5.192/compiler/lib/intel64] ==> dir [/opt/intel/composer_xe_2013.5.192/compiler/lib/intel64]
    arg [-L/opt/intel/composer_xe_2013.5.192/ipp/../compiler/lib/intel64] ==> dir [/opt/intel/composer_xe_2013.5.192/ipp/../compiler/lib/intel64]
    arg [-L/opt/intel/composer_xe_2013.5.192/ipp/lib/intel64] ==> dir [/opt/intel/composer_xe_2013.5.192/ipp/lib/intel64]
    arg [-L/opt/intel/composer_xe_2013.5.192/compiler/lib/intel64] ==> dir [/opt/intel/composer_xe_2013.5.192/compiler/lib/intel64]
    arg [-L/opt/intel/composer_xe_2013.5.192/mkl/lib/intel64] ==> dir [/opt/intel/composer_xe_2013.5.192/mkl/lib/intel64]
    arg [-L/opt/intel/composer_xe_2013.5.192/tbb/lib/intel64/gcc4.4] ==> dir [/opt/intel/composer_xe_2013.5.192/tbb/lib/intel64/gcc4.4]
    arg [-L/usr/lib/gcc/x86_64-redhat-linux/4.4.7/../../..] ==> dir [/usr/lib/gcc/x86_64-redhat-linux/4.4.7/../../..]
    arg [CMakeFiles/cmTC_6abbc.dir/CMakeCXXCompilerABI.cpp.o] ==> ignore
    arg [-lstdc++] ==> lib [stdc++]
    arg [-lm] ==> lib [m]
    arg [-lgcc_s] ==> lib [gcc_s]
    arg [-lgcc] ==> lib [gcc]
    arg [-lc] ==> lib [c]
    arg [-lgcc_s] ==> lib [gcc_s]
    arg [-lgcc] ==> lib [gcc]
    arg [/usr/lib/gcc/x86_64-redhat-linux/4.4.7/crtend.o] ==> ignore
    arg [/usr/lib/gcc/x86_64-redhat-linux/4.4.7/../../../../lib64/crtn.o] ==> ignore
  remove lib [gcc_s]
  remove lib [gcc]
  remove lib [gcc_s]
  remove lib [gcc]
  collapse library dir [/usr/lib/gcc/x86_64-redhat-linux/4.4.7] ==> [/usr/lib/gcc/x86_64-redhat-linux/4.4.7]
  collapse library dir [/usr/lib/gcc/x86_64-redhat-linux/4.4.7] ==> [/usr/lib/gcc/x86_64-redhat-linux/4.4.7]
  collapse library dir [/usr/lib/gcc/x86_64-redhat-linux/4.4.7/../../../../lib64] ==> [/usr/lib64]
  collapse library dir [/lib/../lib64] ==> [/lib64]
  collapse library dir [/usr/lib/../lib64] ==> [/usr/lib64]
  collapse library dir [/opt/intel/composer_xe_2013.5.192/compiler/lib/intel64] ==> [/opt/intel/composer_xe_2013.5.192/compiler/lib/intel64]
  collapse library dir [/opt/intel/composer_xe_2013.5.192/ipp/../compiler/lib/intel64] ==> [/opt/intel/composer_xe_2013.5.192/compiler/lib/intel64]
  collapse library dir [/opt/intel/composer_xe_2013.5.192/ipp/lib/intel64] ==> [/opt/intel/composer_xe_2013.5.192/ipp/lib/intel64]
  collapse library dir [/opt/intel/composer_xe_2013.5.192/compiler/lib/intel64] ==> [/opt/intel/composer_xe_2013.5.192/compiler/lib/intel64]
  collapse library dir [/opt/intel/composer_xe_2013.5.192/mkl/lib/intel64] ==> [/opt/intel/composer_xe_2013.5.192/mkl/lib/intel64]
  collapse library dir [/opt/intel/composer_xe_2013.5.192/tbb/lib/intel64/gcc4.4] ==> [/opt/intel/composer_xe_2013.5.192/tbb/lib/intel64/gcc4.4]
  collapse library dir [/usr/lib/gcc/x86_64-redhat-linux/4.4.7/../../..] ==> [/usr/lib]
  implicit libs: [stdc++;m;c]
  implicit dirs: [/usr/lib/gcc/x86_64-redhat-linux/4.4.7;/usr/lib64;/lib64;/opt/intel/composer_xe_2013.5.192/compiler/lib/intel64;/opt/intel/composer_xe_2013.5.192/ipp/lib/intel64;/opt/intel/composer_xe_2013.5.192/mkl/lib/intel64;/opt/intel/composer_xe_2013.5.192/tbb/lib/intel64/gcc4.4;/usr/lib]
  implicit fwks: []




Detecting CXX [-std=c++0x] compiler features compiled with the following output:
Change Dir: /home/ics/mischak/code/EuclidEmulator/EmulatorCode/EucEmu_V1.1.1.clean/NewStructure/wrapper/build/CMakeFiles/CMakeTmp

Run Build Command:"/usr/bin/gmake" "cmTC_50600/fast"
/usr/bin/gmake -f CMakeFiles/cmTC_50600.dir/build.make CMakeFiles/cmTC_50600.dir/build
gmake[1]: Entering directory `/home/ics/mischak/code/EuclidEmulator/EmulatorCode/EucEmu_V1.1.1.clean/NewStructure/wrapper/build/CMakeFiles/CMakeTmp'
Building CXX object CMakeFiles/cmTC_50600.dir/feature_tests.cxx.o
/usr/bin/c++     -std=c++0x -o CMakeFiles/cmTC_50600.dir/feature_tests.cxx.o -c /home/ics/mischak/code/EuclidEmulator/EmulatorCode/EucEmu_V1.1.1.clean/NewStructure/wrapper/build/CMakeFiles/feature_tests.cxx
Linking CXX executable cmTC_50600
/usr/bin/cmake3 -E cmake_link_script CMakeFiles/cmTC_50600.dir/link.txt --verbose=1
/usr/bin/c++        CMakeFiles/cmTC_50600.dir/feature_tests.cxx.o  -o cmTC_50600 -rdynamic 
gmake[1]: Leaving directory `/home/ics/mischak/code/EuclidEmulator/EmulatorCode/EucEmu_V1.1.1.clean/NewStructure/wrapper/build/CMakeFiles/CMakeTmp'


    Feature record: CXX_FEATURE:0cxx_aggregate_default_initializers
    Feature record: CXX_FEATURE:0cxx_alias_templates
    Feature record: CXX_FEATURE:0cxx_alignas
    Feature record: CXX_FEATURE:0cxx_alignof
    Feature record: CXX_FEATURE:0cxx_attributes
    Feature record: CXX_FEATURE:0cxx_attribute_deprecated
    Feature record: CXX_FEATURE:1cxx_auto_type
    Feature record: CXX_FEATURE:0cxx_binary_literals
    Feature record: CXX_FEATURE:0cxx_constexpr
    Feature record: CXX_FEATURE:0cxx_contextual_conversions
    Feature record: CXX_FEATURE:1cxx_decltype
    Feature record: CXX_FEATURE:0cxx_decltype_auto
    Feature record: CXX_FEATURE:0cxx_decltype_incomplete_return_types
    Feature record: CXX_FEATURE:1cxx_default_function_template_args
    Feature record: CXX_FEATURE:1cxx_defaulted_functions
    Feature record: CXX_FEATURE:0cxx_defaulted_move_initializers
    Feature record: CXX_FEATURE:0cxx_delegating_constructors
    Feature record: CXX_FEATURE:1cxx_deleted_functions
    Feature record: CXX_FEATURE:0cxx_digit_separators
    Feature record: CXX_FEATURE:0cxx_enum_forward_declarations
    Feature record: CXX_FEATURE:0cxx_explicit_conversions
    Feature record: CXX_FEATURE:0cxx_extended_friend_declarations
    Feature record: CXX_FEATURE:1cxx_extern_templates
    Feature record: CXX_FEATURE:0cxx_final
    Feature record: CXX_FEATURE:1cxx_func_identifier
    Feature record: CXX_FEATURE:1cxx_generalized_initializers
    Feature record: CXX_FEATURE:0cxx_generic_lambdas
    Feature record: CXX_FEATURE:0cxx_inheriting_constructors
    Feature record: CXX_FEATURE:1cxx_inline_namespaces
    Feature record: CXX_FEATURE:0cxx_lambdas
    Feature record: CXX_FEATURE:0cxx_lambda_init_captures
    Feature record: CXX_FEATURE:0cxx_local_type_template_args
    Feature record: CXX_FEATURE:1cxx_long_long_type
    Feature record: CXX_FEATURE:0cxx_noexcept
    Feature record: CXX_FEATURE:0cxx_nonstatic_member_init
    Feature record: CXX_FEATURE:0cxx_nullptr
    Feature record: CXX_FEATURE:0cxx_override
    Feature record: CXX_FEATURE:0cxx_range_for
    Feature record: CXX_FEATURE:0cxx_raw_string_literals
    Feature record: CXX_FEATURE:0cxx_reference_qualified_functions
    Feature record: CXX_FEATURE:0cxx_relaxed_constexpr
    Feature record: CXX_FEATURE:0cxx_return_type_deduction
    Feature record: CXX_FEATURE:1cxx_right_angle_brackets
    Feature record: CXX_FEATURE:1cxx_rvalue_references
    Feature record: CXX_FEATURE:1cxx_sizeof_member
    Feature record: CXX_FEATURE:1cxx_static_assert
    Feature record: CXX_FEATURE:1cxx_strong_enums
    Feature record: CXX_FEATURE:1cxx_template_template_parameters
    Feature record: CXX_FEATURE:0cxx_thread_local
    Feature record: CXX_FEATURE:1cxx_trailing_return_types
    Feature record: CXX_FEATURE:1cxx_unicode_literals
    Feature record: CXX_FEATURE:1cxx_uniform_initialization
    Feature record: CXX_FEATURE:0cxx_unrestricted_unions
    Feature record: CXX_FEATURE:0cxx_user_literals
    Feature record: CXX_FEATURE:0cxx_variable_templates
    Feature record: CXX_FEATURE:1cxx_variadic_macros
    Feature record: CXX_FEATURE:1cxx_variadic_templates


Detecting CXX [-std=c++98] compiler features compiled with the following output:
Change Dir: /home/ics/mischak/code/EuclidEmulator/EmulatorCode/EucEmu_V1.1.1.clean/NewStructure/wrapper/build/CMakeFiles/CMakeTmp

Run Build Command:"/usr/bin/gmake" "cmTC_c3bd1/fast"
/usr/bin/gmake -f CMakeFiles/cmTC_c3bd1.dir/build.make CMakeFiles/cmTC_c3bd1.dir/build
gmake[1]: Entering directory `/home/ics/mischak/code/EuclidEmulator/EmulatorCode/EucEmu_V1.1.1.clean/NewStructure/wrapper/build/CMakeFiles/CMakeTmp'
Building CXX object CMakeFiles/cmTC_c3bd1.dir/feature_tests.cxx.o
/usr/bin/c++     -std=c++98 -o CMakeFiles/cmTC_c3bd1.dir/feature_tests.cxx.o -c /home/ics/mischak/code/EuclidEmulator/EmulatorCode/EucEmu_V1.1.1.clean/NewStructure/wrapper/build/CMakeFiles/feature_tests.cxx
Linking CXX executable cmTC_c3bd1
/usr/bin/cmake3 -E cmake_link_script CMakeFiles/cmTC_c3bd1.dir/link.txt --verbose=1
/usr/bin/c++        CMakeFiles/cmTC_c3bd1.dir/feature_tests.cxx.o  -o cmTC_c3bd1 -rdynamic 
gmake[1]: Leaving directory `/home/ics/mischak/code/EuclidEmulator/EmulatorCode/EucEmu_V1.1.1.clean/NewStructure/wrapper/build/CMakeFiles/CMakeTmp'


    Feature record: CXX_FEATURE:0cxx_aggregate_default_initializers
    Feature record: CXX_FEATURE:0cxx_alias_templates
    Feature record: CXX_FEATURE:0cxx_alignas
    Feature record: CXX_FEATURE:0cxx_alignof
    Feature record: CXX_FEATURE:0cxx_attributes
    Feature record: CXX_FEATURE:0cxx_attribute_deprecated
    Feature record: CXX_FEATURE:0cxx_auto_type
    Feature record: CXX_FEATURE:0cxx_binary_literals
    Feature record: CXX_FEATURE:0cxx_constexpr
    Feature record: CXX_FEATURE:0cxx_contextual_conversions
    Feature record: CXX_FEATURE:0cxx_decltype
    Feature record: CXX_FEATURE:0cxx_decltype_auto
    Feature record: CXX_FEATURE:0cxx_decltype_incomplete_return_types
    Feature record: CXX_FEATURE:0cxx_default_function_template_args
    Feature record: CXX_FEATURE:0cxx_defaulted_functions
    Feature record: CXX_FEATURE:0cxx_defaulted_move_initializers
    Feature record: CXX_FEATURE:0cxx_delegating_constructors
    Feature record: CXX_FEATURE:0cxx_deleted_functions
    Feature record: CXX_FEATURE:0cxx_digit_separators
    Feature record: CXX_FEATURE:0cxx_enum_forward_declarations
    Feature record: CXX_FEATURE:0cxx_explicit_conversions
    Feature record: CXX_FEATURE:0cxx_extended_friend_declarations
    Feature record: CXX_FEATURE:0cxx_extern_templates
    Feature record: CXX_FEATURE:0cxx_final
    Feature record: CXX_FEATURE:0cxx_func_identifier
    Feature record: CXX_FEATURE:0cxx_generalized_initializers
    Feature record: CXX_FEATURE:0cxx_generic_lambdas
    Feature record: CXX_FEATURE:0cxx_inheriting_constructors
    Feature record: CXX_FEATURE:0cxx_inline_namespaces
    Feature record: CXX_FEATURE:0cxx_lambdas
    Feature record: CXX_FEATURE:0cxx_lambda_init_captures
    Feature record: CXX_FEATURE:0cxx_local_type_template_args
    Feature record: CXX_FEATURE:0cxx_long_long_type
    Feature record: CXX_FEATURE:0cxx_noexcept
    Feature record: CXX_FEATURE:0cxx_nonstatic_member_init
    Feature record: CXX_FEATURE:0cxx_nullptr
    Feature record: CXX_FEATURE:0cxx_override
    Feature record: CXX_FEATURE:0cxx_range_for
    Feature record: CXX_FEATURE:0cxx_raw_string_literals
    Feature record: CXX_FEATURE:0cxx_reference_qualified_functions
    Feature record: CXX_FEATURE:0cxx_relaxed_constexpr
    Feature record: CXX_FEATURE:0cxx_return_type_deduction
    Feature record: CXX_FEATURE:0cxx_right_angle_brackets
    Feature record: CXX_FEATURE:0cxx_rvalue_references
    Feature record: CXX_FEATURE:0cxx_sizeof_member
    Feature record: CXX_FEATURE:0cxx_static_assert
    Feature record: CXX_FEATURE:0cxx_strong_enums
    Feature record: CXX_FEATURE:1cxx_template_template_parameters
    Feature record: CXX_FEATURE:0cxx_thread_local
    Feature record: CXX_FEATURE:0cxx_trailing_return_types
    Feature record: CXX_FEATURE:0cxx_unicode_literals
    Feature record: CXX_FEATURE:0cxx_uniform_initialization
    Feature record: CXX_FEATURE:0cxx_unrestricted_unions
    Feature record: CXX_FEATURE:0cxx_user_literals
    Feature record: CXX_FEATURE:0cxx_variable_templates
    Feature record: CXX_FEATURE:0cxx_variadic_macros
    Feature record: CXX_FEATURE:0cxx_variadic_templates
