\BOOKMARK [1][-]{section.1}{From download to installation}{}% 1
\BOOKMARK [2][-]{subsection.1.1}{Prerequesites}{section.1}% 2
\BOOKMARK [2][-]{subsection.1.2}{Dependencies}{section.1}% 3
\BOOKMARK [3][-]{subsubsection.1.2.1}{REQUIRED LIBRARIES}{subsection.1.2}% 4
\BOOKMARK [3][-]{subsubsection.1.2.2}{RECOMMENDED \(BUT OPTIONAL\) LIBRARIES}{subsection.1.2}% 5
\BOOKMARK [2][-]{subsection.1.3}{Environment}{section.1}% 6
\BOOKMARK [2][-]{subsection.1.4}{Download}{section.1}% 7
\BOOKMARK [2][-]{subsection.1.5}{Building and Installing the Code}{section.1}% 8
\BOOKMARK [3][-]{subsubsection.1.5.1}{Installing the python2 package e2py}{subsection.1.5}% 9
\BOOKMARK [3][-]{subsubsection.1.5.2}{Installing the command line interface \(CLI\) only}{subsection.1.5}% 10
\BOOKMARK [1][-]{section.2}{Usage}{}% 11
\BOOKMARK [2][-]{subsection.2.1}{General}{section.2}% 12
\BOOKMARK [3][-]{subsubsection.2.1.1}{Parameter ranges}{subsection.2.1}% 13
\BOOKMARK [3][-]{subsubsection.2.1.2}{Units}{subsection.2.1}% 14
\BOOKMARK [2][-]{subsection.2.2}{Python wrapper e2py}{section.2}% 15
\BOOKMARK [2][-]{subsection.2.3}{Command line interface \(CLI\)}{section.2}% 16
\BOOKMARK [1][-]{section.3}{Code structure}{}% 17
\BOOKMARK [2][-]{subsection.3.1}{Overview}{section.3}% 18
\BOOKMARK [2][-]{subsection.3.2}{Background information}{section.3}% 19
\BOOKMARK [3][-]{subsubsection.3.2.1}{EuclidEmulator is based on pre-evaluated cosmological simulations}{subsection.3.2}% 20
\BOOKMARK [3][-]{subsubsection.3.2.2}{Data post-processing}{subsection.3.2}% 21
\BOOKMARK [2][-]{subsection.3.3}{libeuc: the actual emulator}{section.3}% 22
\BOOKMARK [2][-]{subsection.3.4}{CLI: the command line interface}{section.3}% 23
\BOOKMARK [2][-]{subsection.3.5}{wrapper: the python wrapper}{section.3}% 24
\BOOKMARK [3][-]{subsubsection.3.5.1}{The Cython layer in `EuclidEmulator\137BackEnd.pyx`}{subsection.3.5}% 25
\BOOKMARK [3][-]{subsubsection.3.5.2}{The e2py python package}{subsection.3.5}% 26
\BOOKMARK [2][-]{subsection.3.6}{ClassPatch}{section.3}% 27
\BOOKMARK [2][-]{subsection.3.7}{examples}{section.3}% 28
