The system is: Linux - 2.6.32-696.6.3.el6.x86_64 - x86_64
Compiling the C compiler identification source file "CMakeCCompilerId.c" succeeded.
Compiler: /opt/gcc/4.7.4/bin/cc 
Build flags: 
Id flags: 

The output was:
0


Compilation of the C compiler identification source "CMakeCCompilerId.c" produced "a.out"

The C compiler identification is GNU, found in "/home/ics/mischak/code/EuclidEmulator/EmulatorCode/EuclidEmulator_GithubRepo/wrapper2/build_kmode/CMakeFiles/3.6.1/CompilerIdC/a.out"

Compiling the CXX compiler identification source file "CMakeCXXCompilerId.cpp" succeeded.
Compiler: /opt/gcc/4.7.4/bin/c++ 
Build flags: 
Id flags: 

The output was:
0


Compilation of the CXX compiler identification source "CMakeCXXCompilerId.cpp" produced "a.out"

The CXX compiler identification is GNU, found in "/home/ics/mischak/code/EuclidEmulator/EmulatorCode/EuclidEmulator_GithubRepo/wrapper2/build_kmode/CMakeFiles/3.6.1/CompilerIdCXX/a.out"

Determining if the C compiler works passed with the following output:
Change Dir: /home/ics/mischak/code/EuclidEmulator/EmulatorCode/EuclidEmulator_GithubRepo/wrapper2/build_kmode/CMakeFiles/CMakeTmp

Run Build Command:"/usr/bin/gmake" "cmTC_1d278/fast"
/usr/bin/gmake -f CMakeFiles/cmTC_1d278.dir/build.make CMakeFiles/cmTC_1d278.dir/build
gmake[1]: Entering directory `/home/ics/mischak/code/EuclidEmulator/EmulatorCode/EuclidEmulator_GithubRepo/wrapper2/build_kmode/CMakeFiles/CMakeTmp'
Building C object CMakeFiles/cmTC_1d278.dir/testCCompiler.c.o
/opt/gcc/4.7.4/bin/cc     -o CMakeFiles/cmTC_1d278.dir/testCCompiler.c.o   -c /home/ics/mischak/code/EuclidEmulator/EmulatorCode/EuclidEmulator_GithubRepo/wrapper2/build_kmode/CMakeFiles/CMakeTmp/testCCompiler.c
Linking C executable cmTC_1d278
/usr/bin/cmake3 -E cmake_link_script CMakeFiles/cmTC_1d278.dir/link.txt --verbose=1
/opt/gcc/4.7.4/bin/cc       CMakeFiles/cmTC_1d278.dir/testCCompiler.c.o  -o cmTC_1d278 -rdynamic 
gmake[1]: Leaving directory `/home/ics/mischak/code/EuclidEmulator/EmulatorCode/EuclidEmulator_GithubRepo/wrapper2/build_kmode/CMakeFiles/CMakeTmp'


Detecting C compiler ABI info compiled with the following output:
Change Dir: /home/ics/mischak/code/EuclidEmulator/EmulatorCode/EuclidEmulator_GithubRepo/wrapper2/build_kmode/CMakeFiles/CMakeTmp

Run Build Command:"/usr/bin/gmake" "cmTC_6679f/fast"
/usr/bin/gmake -f CMakeFiles/cmTC_6679f.dir/build.make CMakeFiles/cmTC_6679f.dir/build
gmake[1]: Entering directory `/home/ics/mischak/code/EuclidEmulator/EmulatorCode/EuclidEmulator_GithubRepo/wrapper2/build_kmode/CMakeFiles/CMakeTmp'
Building C object CMakeFiles/cmTC_6679f.dir/CMakeCCompilerABI.c.o
/opt/gcc/4.7.4/bin/cc     -o CMakeFiles/cmTC_6679f.dir/CMakeCCompilerABI.c.o   -c /usr/share/cmake3/Modules/CMakeCCompilerABI.c
Linking C executable cmTC_6679f
/usr/bin/cmake3 -E cmake_link_script CMakeFiles/cmTC_6679f.dir/link.txt --verbose=1
/opt/gcc/4.7.4/bin/cc      -v CMakeFiles/cmTC_6679f.dir/CMakeCCompilerABI.c.o  -o cmTC_6679f -rdynamic  
Es werden eingebaute Spezifikationen verwendet.
COLLECT_GCC=/opt/gcc/4.7.4/bin/cc
COLLECT_LTO_WRAPPER=/opt/gcc/4.7.4/libexec/gcc/x86_64-unknown-linux-gnu/4.7.4/lto-wrapper
Ziel: x86_64-unknown-linux-gnu
Konfiguriert mit: ./configure --prefix=/opt/gcc/4.7.4 --disable-multilib
Thread-Modell: posix
gcc-Version 4.7.4 (GCC) 
COMPILER_PATH=/opt/gcc/4.7.4/libexec/gcc/x86_64-unknown-linux-gnu/4.7.4/:/opt/gcc/4.7.4/libexec/gcc/x86_64-unknown-linux-gnu/4.7.4/:/opt/gcc/4.7.4/libexec/gcc/x86_64-unknown-linux-gnu/:/opt/gcc/4.7.4/lib/gcc/x86_64-unknown-linux-gnu/4.7.4/:/opt/gcc/4.7.4/lib/gcc/x86_64-unknown-linux-gnu/
LIBRARY_PATH=/opt/gcc/4.7.4/lib/gcc/x86_64-unknown-linux-gnu/4.7.4/:/opt/gcc/4.7.4/lib/gcc/x86_64-unknown-linux-gnu/4.7.4/../../../../lib64/:/lib/../lib64/:/usr/lib/../lib64/:/opt/intel/composer_xe_2013.5.192/compiler/lib/intel64/:/opt/intel/composer_xe_2013.5.192/ipp/../compiler/lib/intel64/:/opt/intel/composer_xe_2013.5.192/ipp/lib/intel64/:/opt/intel/composer_xe_2013.5.192/compiler/lib/intel64/:/opt/intel/composer_xe_2013.5.192/mkl/lib/intel64/:/opt/intel/composer_xe_2013.5.192/tbb/lib/intel64/gcc4.4/:/opt/gcc/4.7.4/lib/gcc/x86_64-unknown-linux-gnu/4.7.4/../../../:/lib/:/usr/lib/
COLLECT_GCC_OPTIONS='-v' '-o' 'cmTC_6679f' '-rdynamic' '-mtune=generic' '-march=x86-64'
 /opt/gcc/4.7.4/libexec/gcc/x86_64-unknown-linux-gnu/4.7.4/collect2 --eh-frame-hdr -m elf_x86_64 -export-dynamic -dynamic-linker /lib64/ld-linux-x86-64.so.2 -o cmTC_6679f /usr/lib/../lib64/crt1.o /usr/lib/../lib64/crti.o /opt/gcc/4.7.4/lib/gcc/x86_64-unknown-linux-gnu/4.7.4/crtbegin.o -L/opt/gcc/4.7.4/lib/gcc/x86_64-unknown-linux-gnu/4.7.4 -L/opt/gcc/4.7.4/lib/gcc/x86_64-unknown-linux-gnu/4.7.4/../../../../lib64 -L/lib/../lib64 -L/usr/lib/../lib64 -L/opt/intel/composer_xe_2013.5.192/compiler/lib/intel64 -L/opt/intel/composer_xe_2013.5.192/ipp/../compiler/lib/intel64 -L/opt/intel/composer_xe_2013.5.192/ipp/lib/intel64 -L/opt/intel/composer_xe_2013.5.192/compiler/lib/intel64 -L/opt/intel/composer_xe_2013.5.192/mkl/lib/intel64 -L/opt/intel/composer_xe_2013.5.192/tbb/lib/intel64/gcc4.4 -L/opt/gcc/4.7.4/lib/gcc/x86_64-unknown-linux-gnu/4.7.4/../../.. CMakeFiles/cmTC_6679f.dir/CMakeCCompilerABI.c.o -lgcc --as-needed -lgcc_s --no-as-needed -lc -lgcc --as-needed -lgcc_s --no-as-needed /opt/gcc/4.7.4/lib/gcc/x86_64-unknown-linux-gnu/4.7.4/crtend.o /usr/lib/../lib64/crtn.o
gmake[1]: Leaving directory `/home/ics/mischak/code/EuclidEmulator/EmulatorCode/EuclidEmulator_GithubRepo/wrapper2/build_kmode/CMakeFiles/CMakeTmp'


Parsed C implicit link information from above output:
  link line regex: [^( *|.*[/\])(ld|([^/\]+-)?ld|collect2)[^/\]*( |$)]
  ignore line: [Change Dir: /home/ics/mischak/code/EuclidEmulator/EmulatorCode/EuclidEmulator_GithubRepo/wrapper2/build_kmode/CMakeFiles/CMakeTmp]
  ignore line: []
  ignore line: [Run Build Command:"/usr/bin/gmake" "cmTC_6679f/fast"]
  ignore line: [/usr/bin/gmake -f CMakeFiles/cmTC_6679f.dir/build.make CMakeFiles/cmTC_6679f.dir/build]
  ignore line: [gmake[1]: Entering directory `/home/ics/mischak/code/EuclidEmulator/EmulatorCode/EuclidEmulator_GithubRepo/wrapper2/build_kmode/CMakeFiles/CMakeTmp']
  ignore line: [Building C object CMakeFiles/cmTC_6679f.dir/CMakeCCompilerABI.c.o]
  ignore line: [/opt/gcc/4.7.4/bin/cc     -o CMakeFiles/cmTC_6679f.dir/CMakeCCompilerABI.c.o   -c /usr/share/cmake3/Modules/CMakeCCompilerABI.c]
  ignore line: [Linking C executable cmTC_6679f]
  ignore line: [/usr/bin/cmake3 -E cmake_link_script CMakeFiles/cmTC_6679f.dir/link.txt --verbose=1]
  ignore line: [/opt/gcc/4.7.4/bin/cc      -v CMakeFiles/cmTC_6679f.dir/CMakeCCompilerABI.c.o  -o cmTC_6679f -rdynamic  ]
  ignore line: [Es werden eingebaute Spezifikationen verwendet.]
  ignore line: [COLLECT_GCC=/opt/gcc/4.7.4/bin/cc]
  ignore line: [COLLECT_LTO_WRAPPER=/opt/gcc/4.7.4/libexec/gcc/x86_64-unknown-linux-gnu/4.7.4/lto-wrapper]
  ignore line: [Ziel: x86_64-unknown-linux-gnu]
  ignore line: [Konfiguriert mit: ./configure --prefix=/opt/gcc/4.7.4 --disable-multilib]
  ignore line: [Thread-Modell: posix]
  ignore line: [gcc-Version 4.7.4 (GCC) ]
  ignore line: [COMPILER_PATH=/opt/gcc/4.7.4/libexec/gcc/x86_64-unknown-linux-gnu/4.7.4/:/opt/gcc/4.7.4/libexec/gcc/x86_64-unknown-linux-gnu/4.7.4/:/opt/gcc/4.7.4/libexec/gcc/x86_64-unknown-linux-gnu/:/opt/gcc/4.7.4/lib/gcc/x86_64-unknown-linux-gnu/4.7.4/:/opt/gcc/4.7.4/lib/gcc/x86_64-unknown-linux-gnu/]
  ignore line: [LIBRARY_PATH=/opt/gcc/4.7.4/lib/gcc/x86_64-unknown-linux-gnu/4.7.4/:/opt/gcc/4.7.4/lib/gcc/x86_64-unknown-linux-gnu/4.7.4/../../../../lib64/:/lib/../lib64/:/usr/lib/../lib64/:/opt/intel/composer_xe_2013.5.192/compiler/lib/intel64/:/opt/intel/composer_xe_2013.5.192/ipp/../compiler/lib/intel64/:/opt/intel/composer_xe_2013.5.192/ipp/lib/intel64/:/opt/intel/composer_xe_2013.5.192/compiler/lib/intel64/:/opt/intel/composer_xe_2013.5.192/mkl/lib/intel64/:/opt/intel/composer_xe_2013.5.192/tbb/lib/intel64/gcc4.4/:/opt/gcc/4.7.4/lib/gcc/x86_64-unknown-linux-gnu/4.7.4/../../../:/lib/:/usr/lib/]
  ignore line: [COLLECT_GCC_OPTIONS='-v' '-o' 'cmTC_6679f' '-rdynamic' '-mtune=generic' '-march=x86-64']
  link line: [ /opt/gcc/4.7.4/libexec/gcc/x86_64-unknown-linux-gnu/4.7.4/collect2 --eh-frame-hdr -m elf_x86_64 -export-dynamic -dynamic-linker /lib64/ld-linux-x86-64.so.2 -o cmTC_6679f /usr/lib/../lib64/crt1.o /usr/lib/../lib64/crti.o /opt/gcc/4.7.4/lib/gcc/x86_64-unknown-linux-gnu/4.7.4/crtbegin.o -L/opt/gcc/4.7.4/lib/gcc/x86_64-unknown-linux-gnu/4.7.4 -L/opt/gcc/4.7.4/lib/gcc/x86_64-unknown-linux-gnu/4.7.4/../../../../lib64 -L/lib/../lib64 -L/usr/lib/../lib64 -L/opt/intel/composer_xe_2013.5.192/compiler/lib/intel64 -L/opt/intel/composer_xe_2013.5.192/ipp/../compiler/lib/intel64 -L/opt/intel/composer_xe_2013.5.192/ipp/lib/intel64 -L/opt/intel/composer_xe_2013.5.192/compiler/lib/intel64 -L/opt/intel/composer_xe_2013.5.192/mkl/lib/intel64 -L/opt/intel/composer_xe_2013.5.192/tbb/lib/intel64/gcc4.4 -L/opt/gcc/4.7.4/lib/gcc/x86_64-unknown-linux-gnu/4.7.4/../../.. CMakeFiles/cmTC_6679f.dir/CMakeCCompilerABI.c.o -lgcc --as-needed -lgcc_s --no-as-needed -lc -lgcc --as-needed -lgcc_s --no-as-needed /opt/gcc/4.7.4/lib/gcc/x86_64-unknown-linux-gnu/4.7.4/crtend.o /usr/lib/../lib64/crtn.o]
    arg [/opt/gcc/4.7.4/libexec/gcc/x86_64-unknown-linux-gnu/4.7.4/collect2] ==> ignore
    arg [--eh-frame-hdr] ==> ignore
    arg [-m] ==> ignore
    arg [elf_x86_64] ==> ignore
    arg [-export-dynamic] ==> ignore
    arg [-dynamic-linker] ==> ignore
    arg [/lib64/ld-linux-x86-64.so.2] ==> ignore
    arg [-o] ==> ignore
    arg [cmTC_6679f] ==> ignore
    arg [/usr/lib/../lib64/crt1.o] ==> ignore
    arg [/usr/lib/../lib64/crti.o] ==> ignore
    arg [/opt/gcc/4.7.4/lib/gcc/x86_64-unknown-linux-gnu/4.7.4/crtbegin.o] ==> ignore
    arg [-L/opt/gcc/4.7.4/lib/gcc/x86_64-unknown-linux-gnu/4.7.4] ==> dir [/opt/gcc/4.7.4/lib/gcc/x86_64-unknown-linux-gnu/4.7.4]
    arg [-L/opt/gcc/4.7.4/lib/gcc/x86_64-unknown-linux-gnu/4.7.4/../../../../lib64] ==> dir [/opt/gcc/4.7.4/lib/gcc/x86_64-unknown-linux-gnu/4.7.4/../../../../lib64]
    arg [-L/lib/../lib64] ==> dir [/lib/../lib64]
    arg [-L/usr/lib/../lib64] ==> dir [/usr/lib/../lib64]
    arg [-L/opt/intel/composer_xe_2013.5.192/compiler/lib/intel64] ==> dir [/opt/intel/composer_xe_2013.5.192/compiler/lib/intel64]
    arg [-L/opt/intel/composer_xe_2013.5.192/ipp/../compiler/lib/intel64] ==> dir [/opt/intel/composer_xe_2013.5.192/ipp/../compiler/lib/intel64]
    arg [-L/opt/intel/composer_xe_2013.5.192/ipp/lib/intel64] ==> dir [/opt/intel/composer_xe_2013.5.192/ipp/lib/intel64]
    arg [-L/opt/intel/composer_xe_2013.5.192/compiler/lib/intel64] ==> dir [/opt/intel/composer_xe_2013.5.192/compiler/lib/intel64]
    arg [-L/opt/intel/composer_xe_2013.5.192/mkl/lib/intel64] ==> dir [/opt/intel/composer_xe_2013.5.192/mkl/lib/intel64]
    arg [-L/opt/intel/composer_xe_2013.5.192/tbb/lib/intel64/gcc4.4] ==> dir [/opt/intel/composer_xe_2013.5.192/tbb/lib/intel64/gcc4.4]
    arg [-L/opt/gcc/4.7.4/lib/gcc/x86_64-unknown-linux-gnu/4.7.4/../../..] ==> dir [/opt/gcc/4.7.4/lib/gcc/x86_64-unknown-linux-gnu/4.7.4/../../..]
    arg [CMakeFiles/cmTC_6679f.dir/CMakeCCompilerABI.c.o] ==> ignore
    arg [-lgcc] ==> lib [gcc]
    arg [--as-needed] ==> ignore
    arg [-lgcc_s] ==> lib [gcc_s]
    arg [--no-as-needed] ==> ignore
    arg [-lc] ==> lib [c]
    arg [-lgcc] ==> lib [gcc]
    arg [--as-needed] ==> ignore
    arg [-lgcc_s] ==> lib [gcc_s]
    arg [--no-as-needed] ==> ignore
    arg [/opt/gcc/4.7.4/lib/gcc/x86_64-unknown-linux-gnu/4.7.4/crtend.o] ==> ignore
    arg [/usr/lib/../lib64/crtn.o] ==> ignore
  remove lib [gcc]
  remove lib [gcc_s]
  remove lib [gcc]
  remove lib [gcc_s]
  collapse library dir [/opt/gcc/4.7.4/lib/gcc/x86_64-unknown-linux-gnu/4.7.4] ==> [/opt/gcc/4.7.4/lib/gcc/x86_64-unknown-linux-gnu/4.7.4]
  collapse library dir [/opt/gcc/4.7.4/lib/gcc/x86_64-unknown-linux-gnu/4.7.4/../../../../lib64] ==> [/opt/gcc/4.7.4/lib64]
  collapse library dir [/lib/../lib64] ==> [/lib64]
  collapse library dir [/usr/lib/../lib64] ==> [/usr/lib64]
  collapse library dir [/opt/intel/composer_xe_2013.5.192/compiler/lib/intel64] ==> [/opt/intel/composer_xe_2013.5.192/compiler/lib/intel64]
  collapse library dir [/opt/intel/composer_xe_2013.5.192/ipp/../compiler/lib/intel64] ==> [/opt/intel/composer_xe_2013.5.192/compiler/lib/intel64]
  collapse library dir [/opt/intel/composer_xe_2013.5.192/ipp/lib/intel64] ==> [/opt/intel/composer_xe_2013.5.192/ipp/lib/intel64]
  collapse library dir [/opt/intel/composer_xe_2013.5.192/compiler/lib/intel64] ==> [/opt/intel/composer_xe_2013.5.192/compiler/lib/intel64]
  collapse library dir [/opt/intel/composer_xe_2013.5.192/mkl/lib/intel64] ==> [/opt/intel/composer_xe_2013.5.192/mkl/lib/intel64]
  collapse library dir [/opt/intel/composer_xe_2013.5.192/tbb/lib/intel64/gcc4.4] ==> [/opt/intel/composer_xe_2013.5.192/tbb/lib/intel64/gcc4.4]
  collapse library dir [/opt/gcc/4.7.4/lib/gcc/x86_64-unknown-linux-gnu/4.7.4/../../..] ==> [/opt/gcc/4.7.4/lib]
  implicit libs: [c]
  implicit dirs: [/opt/gcc/4.7.4/lib/gcc/x86_64-unknown-linux-gnu/4.7.4;/opt/gcc/4.7.4/lib64;/lib64;/usr/lib64;/opt/intel/composer_xe_2013.5.192/compiler/lib/intel64;/opt/intel/composer_xe_2013.5.192/ipp/lib/intel64;/opt/intel/composer_xe_2013.5.192/mkl/lib/intel64;/opt/intel/composer_xe_2013.5.192/tbb/lib/intel64/gcc4.4;/opt/gcc/4.7.4/lib]
  implicit fwks: []




Detecting C [-std=c11] compiler features compiled with the following output:
Change Dir: /home/ics/mischak/code/EuclidEmulator/EmulatorCode/EuclidEmulator_GithubRepo/wrapper2/build_kmode/CMakeFiles/CMakeTmp

Run Build Command:"/usr/bin/gmake" "cmTC_d3a0a/fast"
/usr/bin/gmake -f CMakeFiles/cmTC_d3a0a.dir/build.make CMakeFiles/cmTC_d3a0a.dir/build
gmake[1]: Entering directory `/home/ics/mischak/code/EuclidEmulator/EmulatorCode/EuclidEmulator_GithubRepo/wrapper2/build_kmode/CMakeFiles/CMakeTmp'
Building C object CMakeFiles/cmTC_d3a0a.dir/feature_tests.c.o
/opt/gcc/4.7.4/bin/cc    -std=c11 -o CMakeFiles/cmTC_d3a0a.dir/feature_tests.c.o   -c /home/ics/mischak/code/EuclidEmulator/EmulatorCode/EuclidEmulator_GithubRepo/wrapper2/build_kmode/CMakeFiles/feature_tests.c
Linking C executable cmTC_d3a0a
/usr/bin/cmake3 -E cmake_link_script CMakeFiles/cmTC_d3a0a.dir/link.txt --verbose=1
/opt/gcc/4.7.4/bin/cc       CMakeFiles/cmTC_d3a0a.dir/feature_tests.c.o  -o cmTC_d3a0a -rdynamic 
gmake[1]: Leaving directory `/home/ics/mischak/code/EuclidEmulator/EmulatorCode/EuclidEmulator_GithubRepo/wrapper2/build_kmode/CMakeFiles/CMakeTmp'


    Feature record: C_FEATURE:1c_function_prototypes
    Feature record: C_FEATURE:1c_restrict
    Feature record: C_FEATURE:1c_static_assert
    Feature record: C_FEATURE:1c_variadic_macros


Detecting C [-std=c99] compiler features compiled with the following output:
Change Dir: /home/ics/mischak/code/EuclidEmulator/EmulatorCode/EuclidEmulator_GithubRepo/wrapper2/build_kmode/CMakeFiles/CMakeTmp

Run Build Command:"/usr/bin/gmake" "cmTC_59b01/fast"
/usr/bin/gmake -f CMakeFiles/cmTC_59b01.dir/build.make CMakeFiles/cmTC_59b01.dir/build
gmake[1]: Entering directory `/home/ics/mischak/code/EuclidEmulator/EmulatorCode/EuclidEmulator_GithubRepo/wrapper2/build_kmode/CMakeFiles/CMakeTmp'
Building C object CMakeFiles/cmTC_59b01.dir/feature_tests.c.o
/opt/gcc/4.7.4/bin/cc    -std=c99 -o CMakeFiles/cmTC_59b01.dir/feature_tests.c.o   -c /home/ics/mischak/code/EuclidEmulator/EmulatorCode/EuclidEmulator_GithubRepo/wrapper2/build_kmode/CMakeFiles/feature_tests.c
Linking C executable cmTC_59b01
/usr/bin/cmake3 -E cmake_link_script CMakeFiles/cmTC_59b01.dir/link.txt --verbose=1
/opt/gcc/4.7.4/bin/cc       CMakeFiles/cmTC_59b01.dir/feature_tests.c.o  -o cmTC_59b01 -rdynamic 
gmake[1]: Leaving directory `/home/ics/mischak/code/EuclidEmulator/EmulatorCode/EuclidEmulator_GithubRepo/wrapper2/build_kmode/CMakeFiles/CMakeTmp'


    Feature record: C_FEATURE:1c_function_prototypes
    Feature record: C_FEATURE:1c_restrict
    Feature record: C_FEATURE:0c_static_assert
    Feature record: C_FEATURE:1c_variadic_macros


Detecting C [-std=c90] compiler features compiled with the following output:
Change Dir: /home/ics/mischak/code/EuclidEmulator/EmulatorCode/EuclidEmulator_GithubRepo/wrapper2/build_kmode/CMakeFiles/CMakeTmp

Run Build Command:"/usr/bin/gmake" "cmTC_f7abb/fast"
/usr/bin/gmake -f CMakeFiles/cmTC_f7abb.dir/build.make CMakeFiles/cmTC_f7abb.dir/build
gmake[1]: Entering directory `/home/ics/mischak/code/EuclidEmulator/EmulatorCode/EuclidEmulator_GithubRepo/wrapper2/build_kmode/CMakeFiles/CMakeTmp'
Building C object CMakeFiles/cmTC_f7abb.dir/feature_tests.c.o
/opt/gcc/4.7.4/bin/cc    -std=c90 -o CMakeFiles/cmTC_f7abb.dir/feature_tests.c.o   -c /home/ics/mischak/code/EuclidEmulator/EmulatorCode/EuclidEmulator_GithubRepo/wrapper2/build_kmode/CMakeFiles/feature_tests.c
Linking C executable cmTC_f7abb
/usr/bin/cmake3 -E cmake_link_script CMakeFiles/cmTC_f7abb.dir/link.txt --verbose=1
/opt/gcc/4.7.4/bin/cc       CMakeFiles/cmTC_f7abb.dir/feature_tests.c.o  -o cmTC_f7abb -rdynamic 
gmake[1]: Leaving directory `/home/ics/mischak/code/EuclidEmulator/EmulatorCode/EuclidEmulator_GithubRepo/wrapper2/build_kmode/CMakeFiles/CMakeTmp'


    Feature record: C_FEATURE:1c_function_prototypes
    Feature record: C_FEATURE:0c_restrict
    Feature record: C_FEATURE:0c_static_assert
    Feature record: C_FEATURE:0c_variadic_macros
Determining if the CXX compiler works passed with the following output:
Change Dir: /home/ics/mischak/code/EuclidEmulator/EmulatorCode/EuclidEmulator_GithubRepo/wrapper2/build_kmode/CMakeFiles/CMakeTmp

Run Build Command:"/usr/bin/gmake" "cmTC_d92a7/fast"
/usr/bin/gmake -f CMakeFiles/cmTC_d92a7.dir/build.make CMakeFiles/cmTC_d92a7.dir/build
gmake[1]: Entering directory `/home/ics/mischak/code/EuclidEmulator/EmulatorCode/EuclidEmulator_GithubRepo/wrapper2/build_kmode/CMakeFiles/CMakeTmp'
Building CXX object CMakeFiles/cmTC_d92a7.dir/testCXXCompiler.cxx.o
/opt/gcc/4.7.4/bin/c++      -o CMakeFiles/cmTC_d92a7.dir/testCXXCompiler.cxx.o -c /home/ics/mischak/code/EuclidEmulator/EmulatorCode/EuclidEmulator_GithubRepo/wrapper2/build_kmode/CMakeFiles/CMakeTmp/testCXXCompiler.cxx
Linking CXX executable cmTC_d92a7
/usr/bin/cmake3 -E cmake_link_script CMakeFiles/cmTC_d92a7.dir/link.txt --verbose=1
/opt/gcc/4.7.4/bin/c++        CMakeFiles/cmTC_d92a7.dir/testCXXCompiler.cxx.o  -o cmTC_d92a7 -rdynamic 
gmake[1]: Leaving directory `/home/ics/mischak/code/EuclidEmulator/EmulatorCode/EuclidEmulator_GithubRepo/wrapper2/build_kmode/CMakeFiles/CMakeTmp'


Detecting CXX compiler ABI info compiled with the following output:
Change Dir: /home/ics/mischak/code/EuclidEmulator/EmulatorCode/EuclidEmulator_GithubRepo/wrapper2/build_kmode/CMakeFiles/CMakeTmp

Run Build Command:"/usr/bin/gmake" "cmTC_eeeda/fast"
/usr/bin/gmake -f CMakeFiles/cmTC_eeeda.dir/build.make CMakeFiles/cmTC_eeeda.dir/build
gmake[1]: Entering directory `/home/ics/mischak/code/EuclidEmulator/EmulatorCode/EuclidEmulator_GithubRepo/wrapper2/build_kmode/CMakeFiles/CMakeTmp'
Building CXX object CMakeFiles/cmTC_eeeda.dir/CMakeCXXCompilerABI.cpp.o
/opt/gcc/4.7.4/bin/c++      -o CMakeFiles/cmTC_eeeda.dir/CMakeCXXCompilerABI.cpp.o -c /usr/share/cmake3/Modules/CMakeCXXCompilerABI.cpp
Linking CXX executable cmTC_eeeda
/usr/bin/cmake3 -E cmake_link_script CMakeFiles/cmTC_eeeda.dir/link.txt --verbose=1
/opt/gcc/4.7.4/bin/c++       -v CMakeFiles/cmTC_eeeda.dir/CMakeCXXCompilerABI.cpp.o  -o cmTC_eeeda -rdynamic  
Es werden eingebaute Spezifikationen verwendet.
COLLECT_GCC=/opt/gcc/4.7.4/bin/c++
COLLECT_LTO_WRAPPER=/opt/gcc/4.7.4/libexec/gcc/x86_64-unknown-linux-gnu/4.7.4/lto-wrapper
Ziel: x86_64-unknown-linux-gnu
Konfiguriert mit: ./configure --prefix=/opt/gcc/4.7.4 --disable-multilib
Thread-Modell: posix
gcc-Version 4.7.4 (GCC) 
COMPILER_PATH=/opt/gcc/4.7.4/libexec/gcc/x86_64-unknown-linux-gnu/4.7.4/:/opt/gcc/4.7.4/libexec/gcc/x86_64-unknown-linux-gnu/4.7.4/:/opt/gcc/4.7.4/libexec/gcc/x86_64-unknown-linux-gnu/:/opt/gcc/4.7.4/lib/gcc/x86_64-unknown-linux-gnu/4.7.4/:/opt/gcc/4.7.4/lib/gcc/x86_64-unknown-linux-gnu/
LIBRARY_PATH=/opt/gcc/4.7.4/lib/gcc/x86_64-unknown-linux-gnu/4.7.4/:/opt/gcc/4.7.4/lib/gcc/x86_64-unknown-linux-gnu/4.7.4/../../../../lib64/:/lib/../lib64/:/usr/lib/../lib64/:/opt/intel/composer_xe_2013.5.192/compiler/lib/intel64/:/opt/intel/composer_xe_2013.5.192/ipp/../compiler/lib/intel64/:/opt/intel/composer_xe_2013.5.192/ipp/lib/intel64/:/opt/intel/composer_xe_2013.5.192/compiler/lib/intel64/:/opt/intel/composer_xe_2013.5.192/mkl/lib/intel64/:/opt/intel/composer_xe_2013.5.192/tbb/lib/intel64/gcc4.4/:/opt/gcc/4.7.4/lib/gcc/x86_64-unknown-linux-gnu/4.7.4/../../../:/lib/:/usr/lib/
COLLECT_GCC_OPTIONS='-v' '-o' 'cmTC_eeeda' '-rdynamic' '-shared-libgcc' '-mtune=generic' '-march=x86-64'
 /opt/gcc/4.7.4/libexec/gcc/x86_64-unknown-linux-gnu/4.7.4/collect2 --eh-frame-hdr -m elf_x86_64 -export-dynamic -dynamic-linker /lib64/ld-linux-x86-64.so.2 -o cmTC_eeeda /usr/lib/../lib64/crt1.o /usr/lib/../lib64/crti.o /opt/gcc/4.7.4/lib/gcc/x86_64-unknown-linux-gnu/4.7.4/crtbegin.o -L/opt/gcc/4.7.4/lib/gcc/x86_64-unknown-linux-gnu/4.7.4 -L/opt/gcc/4.7.4/lib/gcc/x86_64-unknown-linux-gnu/4.7.4/../../../../lib64 -L/lib/../lib64 -L/usr/lib/../lib64 -L/opt/intel/composer_xe_2013.5.192/compiler/lib/intel64 -L/opt/intel/composer_xe_2013.5.192/ipp/../compiler/lib/intel64 -L/opt/intel/composer_xe_2013.5.192/ipp/lib/intel64 -L/opt/intel/composer_xe_2013.5.192/compiler/lib/intel64 -L/opt/intel/composer_xe_2013.5.192/mkl/lib/intel64 -L/opt/intel/composer_xe_2013.5.192/tbb/lib/intel64/gcc4.4 -L/opt/gcc/4.7.4/lib/gcc/x86_64-unknown-linux-gnu/4.7.4/../../.. CMakeFiles/cmTC_eeeda.dir/CMakeCXXCompilerABI.cpp.o -lstdc++ -lm -lgcc_s -lgcc -lc -lgcc_s -lgcc /opt/gcc/4.7.4/lib/gcc/x86_64-unknown-linux-gnu/4.7.4/crtend.o /usr/lib/../lib64/crtn.o
gmake[1]: Leaving directory `/home/ics/mischak/code/EuclidEmulator/EmulatorCode/EuclidEmulator_GithubRepo/wrapper2/build_kmode/CMakeFiles/CMakeTmp'


Parsed CXX implicit link information from above output:
  link line regex: [^( *|.*[/\])(ld|([^/\]+-)?ld|collect2)[^/\]*( |$)]
  ignore line: [Change Dir: /home/ics/mischak/code/EuclidEmulator/EmulatorCode/EuclidEmulator_GithubRepo/wrapper2/build_kmode/CMakeFiles/CMakeTmp]
  ignore line: []
  ignore line: [Run Build Command:"/usr/bin/gmake" "cmTC_eeeda/fast"]
  ignore line: [/usr/bin/gmake -f CMakeFiles/cmTC_eeeda.dir/build.make CMakeFiles/cmTC_eeeda.dir/build]
  ignore line: [gmake[1]: Entering directory `/home/ics/mischak/code/EuclidEmulator/EmulatorCode/EuclidEmulator_GithubRepo/wrapper2/build_kmode/CMakeFiles/CMakeTmp']
  ignore line: [Building CXX object CMakeFiles/cmTC_eeeda.dir/CMakeCXXCompilerABI.cpp.o]
  ignore line: [/opt/gcc/4.7.4/bin/c++      -o CMakeFiles/cmTC_eeeda.dir/CMakeCXXCompilerABI.cpp.o -c /usr/share/cmake3/Modules/CMakeCXXCompilerABI.cpp]
  ignore line: [Linking CXX executable cmTC_eeeda]
  ignore line: [/usr/bin/cmake3 -E cmake_link_script CMakeFiles/cmTC_eeeda.dir/link.txt --verbose=1]
  ignore line: [/opt/gcc/4.7.4/bin/c++       -v CMakeFiles/cmTC_eeeda.dir/CMakeCXXCompilerABI.cpp.o  -o cmTC_eeeda -rdynamic  ]
  ignore line: [Es werden eingebaute Spezifikationen verwendet.]
  ignore line: [COLLECT_GCC=/opt/gcc/4.7.4/bin/c++]
  ignore line: [COLLECT_LTO_WRAPPER=/opt/gcc/4.7.4/libexec/gcc/x86_64-unknown-linux-gnu/4.7.4/lto-wrapper]
  ignore line: [Ziel: x86_64-unknown-linux-gnu]
  ignore line: [Konfiguriert mit: ./configure --prefix=/opt/gcc/4.7.4 --disable-multilib]
  ignore line: [Thread-Modell: posix]
  ignore line: [gcc-Version 4.7.4 (GCC) ]
  ignore line: [COMPILER_PATH=/opt/gcc/4.7.4/libexec/gcc/x86_64-unknown-linux-gnu/4.7.4/:/opt/gcc/4.7.4/libexec/gcc/x86_64-unknown-linux-gnu/4.7.4/:/opt/gcc/4.7.4/libexec/gcc/x86_64-unknown-linux-gnu/:/opt/gcc/4.7.4/lib/gcc/x86_64-unknown-linux-gnu/4.7.4/:/opt/gcc/4.7.4/lib/gcc/x86_64-unknown-linux-gnu/]
  ignore line: [LIBRARY_PATH=/opt/gcc/4.7.4/lib/gcc/x86_64-unknown-linux-gnu/4.7.4/:/opt/gcc/4.7.4/lib/gcc/x86_64-unknown-linux-gnu/4.7.4/../../../../lib64/:/lib/../lib64/:/usr/lib/../lib64/:/opt/intel/composer_xe_2013.5.192/compiler/lib/intel64/:/opt/intel/composer_xe_2013.5.192/ipp/../compiler/lib/intel64/:/opt/intel/composer_xe_2013.5.192/ipp/lib/intel64/:/opt/intel/composer_xe_2013.5.192/compiler/lib/intel64/:/opt/intel/composer_xe_2013.5.192/mkl/lib/intel64/:/opt/intel/composer_xe_2013.5.192/tbb/lib/intel64/gcc4.4/:/opt/gcc/4.7.4/lib/gcc/x86_64-unknown-linux-gnu/4.7.4/../../../:/lib/:/usr/lib/]
  ignore line: [COLLECT_GCC_OPTIONS='-v' '-o' 'cmTC_eeeda' '-rdynamic' '-shared-libgcc' '-mtune=generic' '-march=x86-64']
  link line: [ /opt/gcc/4.7.4/libexec/gcc/x86_64-unknown-linux-gnu/4.7.4/collect2 --eh-frame-hdr -m elf_x86_64 -export-dynamic -dynamic-linker /lib64/ld-linux-x86-64.so.2 -o cmTC_eeeda /usr/lib/../lib64/crt1.o /usr/lib/../lib64/crti.o /opt/gcc/4.7.4/lib/gcc/x86_64-unknown-linux-gnu/4.7.4/crtbegin.o -L/opt/gcc/4.7.4/lib/gcc/x86_64-unknown-linux-gnu/4.7.4 -L/opt/gcc/4.7.4/lib/gcc/x86_64-unknown-linux-gnu/4.7.4/../../../../lib64 -L/lib/../lib64 -L/usr/lib/../lib64 -L/opt/intel/composer_xe_2013.5.192/compiler/lib/intel64 -L/opt/intel/composer_xe_2013.5.192/ipp/../compiler/lib/intel64 -L/opt/intel/composer_xe_2013.5.192/ipp/lib/intel64 -L/opt/intel/composer_xe_2013.5.192/compiler/lib/intel64 -L/opt/intel/composer_xe_2013.5.192/mkl/lib/intel64 -L/opt/intel/composer_xe_2013.5.192/tbb/lib/intel64/gcc4.4 -L/opt/gcc/4.7.4/lib/gcc/x86_64-unknown-linux-gnu/4.7.4/../../.. CMakeFiles/cmTC_eeeda.dir/CMakeCXXCompilerABI.cpp.o -lstdc++ -lm -lgcc_s -lgcc -lc -lgcc_s -lgcc /opt/gcc/4.7.4/lib/gcc/x86_64-unknown-linux-gnu/4.7.4/crtend.o /usr/lib/../lib64/crtn.o]
    arg [/opt/gcc/4.7.4/libexec/gcc/x86_64-unknown-linux-gnu/4.7.4/collect2] ==> ignore
    arg [--eh-frame-hdr] ==> ignore
    arg [-m] ==> ignore
    arg [elf_x86_64] ==> ignore
    arg [-export-dynamic] ==> ignore
    arg [-dynamic-linker] ==> ignore
    arg [/lib64/ld-linux-x86-64.so.2] ==> ignore
    arg [-o] ==> ignore
    arg [cmTC_eeeda] ==> ignore
    arg [/usr/lib/../lib64/crt1.o] ==> ignore
    arg [/usr/lib/../lib64/crti.o] ==> ignore
    arg [/opt/gcc/4.7.4/lib/gcc/x86_64-unknown-linux-gnu/4.7.4/crtbegin.o] ==> ignore
    arg [-L/opt/gcc/4.7.4/lib/gcc/x86_64-unknown-linux-gnu/4.7.4] ==> dir [/opt/gcc/4.7.4/lib/gcc/x86_64-unknown-linux-gnu/4.7.4]
    arg [-L/opt/gcc/4.7.4/lib/gcc/x86_64-unknown-linux-gnu/4.7.4/../../../../lib64] ==> dir [/opt/gcc/4.7.4/lib/gcc/x86_64-unknown-linux-gnu/4.7.4/../../../../lib64]
    arg [-L/lib/../lib64] ==> dir [/lib/../lib64]
    arg [-L/usr/lib/../lib64] ==> dir [/usr/lib/../lib64]
    arg [-L/opt/intel/composer_xe_2013.5.192/compiler/lib/intel64] ==> dir [/opt/intel/composer_xe_2013.5.192/compiler/lib/intel64]
    arg [-L/opt/intel/composer_xe_2013.5.192/ipp/../compiler/lib/intel64] ==> dir [/opt/intel/composer_xe_2013.5.192/ipp/../compiler/lib/intel64]
    arg [-L/opt/intel/composer_xe_2013.5.192/ipp/lib/intel64] ==> dir [/opt/intel/composer_xe_2013.5.192/ipp/lib/intel64]
    arg [-L/opt/intel/composer_xe_2013.5.192/compiler/lib/intel64] ==> dir [/opt/intel/composer_xe_2013.5.192/compiler/lib/intel64]
    arg [-L/opt/intel/composer_xe_2013.5.192/mkl/lib/intel64] ==> dir [/opt/intel/composer_xe_2013.5.192/mkl/lib/intel64]
    arg [-L/opt/intel/composer_xe_2013.5.192/tbb/lib/intel64/gcc4.4] ==> dir [/opt/intel/composer_xe_2013.5.192/tbb/lib/intel64/gcc4.4]
    arg [-L/opt/gcc/4.7.4/lib/gcc/x86_64-unknown-linux-gnu/4.7.4/../../..] ==> dir [/opt/gcc/4.7.4/lib/gcc/x86_64-unknown-linux-gnu/4.7.4/../../..]
    arg [CMakeFiles/cmTC_eeeda.dir/CMakeCXXCompilerABI.cpp.o] ==> ignore
    arg [-lstdc++] ==> lib [stdc++]
    arg [-lm] ==> lib [m]
    arg [-lgcc_s] ==> lib [gcc_s]
    arg [-lgcc] ==> lib [gcc]
    arg [-lc] ==> lib [c]
    arg [-lgcc_s] ==> lib [gcc_s]
    arg [-lgcc] ==> lib [gcc]
    arg [/opt/gcc/4.7.4/lib/gcc/x86_64-unknown-linux-gnu/4.7.4/crtend.o] ==> ignore
    arg [/usr/lib/../lib64/crtn.o] ==> ignore
  remove lib [gcc_s]
  remove lib [gcc]
  remove lib [gcc_s]
  remove lib [gcc]
  collapse library dir [/opt/gcc/4.7.4/lib/gcc/x86_64-unknown-linux-gnu/4.7.4] ==> [/opt/gcc/4.7.4/lib/gcc/x86_64-unknown-linux-gnu/4.7.4]
  collapse library dir [/opt/gcc/4.7.4/lib/gcc/x86_64-unknown-linux-gnu/4.7.4/../../../../lib64] ==> [/opt/gcc/4.7.4/lib64]
  collapse library dir [/lib/../lib64] ==> [/lib64]
  collapse library dir [/usr/lib/../lib64] ==> [/usr/lib64]
  collapse library dir [/opt/intel/composer_xe_2013.5.192/compiler/lib/intel64] ==> [/opt/intel/composer_xe_2013.5.192/compiler/lib/intel64]
  collapse library dir [/opt/intel/composer_xe_2013.5.192/ipp/../compiler/lib/intel64] ==> [/opt/intel/composer_xe_2013.5.192/compiler/lib/intel64]
  collapse library dir [/opt/intel/composer_xe_2013.5.192/ipp/lib/intel64] ==> [/opt/intel/composer_xe_2013.5.192/ipp/lib/intel64]
  collapse library dir [/opt/intel/composer_xe_2013.5.192/compiler/lib/intel64] ==> [/opt/intel/composer_xe_2013.5.192/compiler/lib/intel64]
  collapse library dir [/opt/intel/composer_xe_2013.5.192/mkl/lib/intel64] ==> [/opt/intel/composer_xe_2013.5.192/mkl/lib/intel64]
  collapse library dir [/opt/intel/composer_xe_2013.5.192/tbb/lib/intel64/gcc4.4] ==> [/opt/intel/composer_xe_2013.5.192/tbb/lib/intel64/gcc4.4]
  collapse library dir [/opt/gcc/4.7.4/lib/gcc/x86_64-unknown-linux-gnu/4.7.4/../../..] ==> [/opt/gcc/4.7.4/lib]
  implicit libs: [stdc++;m;c]
  implicit dirs: [/opt/gcc/4.7.4/lib/gcc/x86_64-unknown-linux-gnu/4.7.4;/opt/gcc/4.7.4/lib64;/lib64;/usr/lib64;/opt/intel/composer_xe_2013.5.192/compiler/lib/intel64;/opt/intel/composer_xe_2013.5.192/ipp/lib/intel64;/opt/intel/composer_xe_2013.5.192/mkl/lib/intel64;/opt/intel/composer_xe_2013.5.192/tbb/lib/intel64/gcc4.4;/opt/gcc/4.7.4/lib]
  implicit fwks: []




Detecting CXX [-std=c++11] compiler features compiled with the following output:
Change Dir: /home/ics/mischak/code/EuclidEmulator/EmulatorCode/EuclidEmulator_GithubRepo/wrapper2/build_kmode/CMakeFiles/CMakeTmp

Run Build Command:"/usr/bin/gmake" "cmTC_b6abc/fast"
/usr/bin/gmake -f CMakeFiles/cmTC_b6abc.dir/build.make CMakeFiles/cmTC_b6abc.dir/build
gmake[1]: Entering directory `/home/ics/mischak/code/EuclidEmulator/EmulatorCode/EuclidEmulator_GithubRepo/wrapper2/build_kmode/CMakeFiles/CMakeTmp'
Building CXX object CMakeFiles/cmTC_b6abc.dir/feature_tests.cxx.o
/opt/gcc/4.7.4/bin/c++     -std=c++11 -o CMakeFiles/cmTC_b6abc.dir/feature_tests.cxx.o -c /home/ics/mischak/code/EuclidEmulator/EmulatorCode/EuclidEmulator_GithubRepo/wrapper2/build_kmode/CMakeFiles/feature_tests.cxx
Linking CXX executable cmTC_b6abc
/usr/bin/cmake3 -E cmake_link_script CMakeFiles/cmTC_b6abc.dir/link.txt --verbose=1
/opt/gcc/4.7.4/bin/c++        CMakeFiles/cmTC_b6abc.dir/feature_tests.cxx.o  -o cmTC_b6abc -rdynamic 
gmake[1]: Leaving directory `/home/ics/mischak/code/EuclidEmulator/EmulatorCode/EuclidEmulator_GithubRepo/wrapper2/build_kmode/CMakeFiles/CMakeTmp'


    Feature record: CXX_FEATURE:0cxx_aggregate_default_initializers
    Feature record: CXX_FEATURE:1cxx_alias_templates
    Feature record: CXX_FEATURE:0cxx_alignas
    Feature record: CXX_FEATURE:0cxx_alignof
    Feature record: CXX_FEATURE:0cxx_attributes
    Feature record: CXX_FEATURE:0cxx_attribute_deprecated
    Feature record: CXX_FEATURE:1cxx_auto_type
    Feature record: CXX_FEATURE:0cxx_binary_literals
    Feature record: CXX_FEATURE:1cxx_constexpr
    Feature record: CXX_FEATURE:0cxx_contextual_conversions
    Feature record: CXX_FEATURE:1cxx_decltype
    Feature record: CXX_FEATURE:0cxx_decltype_auto
    Feature record: CXX_FEATURE:0cxx_decltype_incomplete_return_types
    Feature record: CXX_FEATURE:1cxx_default_function_template_args
    Feature record: CXX_FEATURE:1cxx_defaulted_functions
    Feature record: CXX_FEATURE:1cxx_defaulted_move_initializers
    Feature record: CXX_FEATURE:1cxx_delegating_constructors
    Feature record: CXX_FEATURE:1cxx_deleted_functions
    Feature record: CXX_FEATURE:0cxx_digit_separators
    Feature record: CXX_FEATURE:1cxx_enum_forward_declarations
    Feature record: CXX_FEATURE:1cxx_explicit_conversions
    Feature record: CXX_FEATURE:1cxx_extended_friend_declarations
    Feature record: CXX_FEATURE:1cxx_extern_templates
    Feature record: CXX_FEATURE:1cxx_final
    Feature record: CXX_FEATURE:1cxx_func_identifier
    Feature record: CXX_FEATURE:1cxx_generalized_initializers
    Feature record: CXX_FEATURE:0cxx_generic_lambdas
    Feature record: CXX_FEATURE:0cxx_inheriting_constructors
    Feature record: CXX_FEATURE:1cxx_inline_namespaces
    Feature record: CXX_FEATURE:1cxx_lambdas
    Feature record: CXX_FEATURE:0cxx_lambda_init_captures
    Feature record: CXX_FEATURE:1cxx_local_type_template_args
    Feature record: CXX_FEATURE:1cxx_long_long_type
    Feature record: CXX_FEATURE:1cxx_noexcept
    Feature record: CXX_FEATURE:1cxx_nonstatic_member_init
    Feature record: CXX_FEATURE:1cxx_nullptr
    Feature record: CXX_FEATURE:1cxx_override
    Feature record: CXX_FEATURE:1cxx_range_for
    Feature record: CXX_FEATURE:1cxx_raw_string_literals
    Feature record: CXX_FEATURE:0cxx_reference_qualified_functions
    Feature record: CXX_FEATURE:0cxx_relaxed_constexpr
    Feature record: CXX_FEATURE:0cxx_return_type_deduction
    Feature record: CXX_FEATURE:1cxx_right_angle_brackets
    Feature record: CXX_FEATURE:1cxx_rvalue_references
    Feature record: CXX_FEATURE:1cxx_sizeof_member
    Feature record: CXX_FEATURE:1cxx_static_assert
    Feature record: CXX_FEATURE:1cxx_strong_enums
    Feature record: CXX_FEATURE:1cxx_template_template_parameters
    Feature record: CXX_FEATURE:0cxx_thread_local
    Feature record: CXX_FEATURE:1cxx_trailing_return_types
    Feature record: CXX_FEATURE:1cxx_unicode_literals
    Feature record: CXX_FEATURE:1cxx_uniform_initialization
    Feature record: CXX_FEATURE:1cxx_unrestricted_unions
    Feature record: CXX_FEATURE:1cxx_user_literals
    Feature record: CXX_FEATURE:0cxx_variable_templates
    Feature record: CXX_FEATURE:1cxx_variadic_macros
    Feature record: CXX_FEATURE:1cxx_variadic_templates


Detecting CXX [-std=c++98] compiler features compiled with the following output:
Change Dir: /home/ics/mischak/code/EuclidEmulator/EmulatorCode/EuclidEmulator_GithubRepo/wrapper2/build_kmode/CMakeFiles/CMakeTmp

Run Build Command:"/usr/bin/gmake" "cmTC_0fc23/fast"
/usr/bin/gmake -f CMakeFiles/cmTC_0fc23.dir/build.make CMakeFiles/cmTC_0fc23.dir/build
gmake[1]: Entering directory `/home/ics/mischak/code/EuclidEmulator/EmulatorCode/EuclidEmulator_GithubRepo/wrapper2/build_kmode/CMakeFiles/CMakeTmp'
Building CXX object CMakeFiles/cmTC_0fc23.dir/feature_tests.cxx.o
/opt/gcc/4.7.4/bin/c++     -std=c++98 -o CMakeFiles/cmTC_0fc23.dir/feature_tests.cxx.o -c /home/ics/mischak/code/EuclidEmulator/EmulatorCode/EuclidEmulator_GithubRepo/wrapper2/build_kmode/CMakeFiles/feature_tests.cxx
Linking CXX executable cmTC_0fc23
/usr/bin/cmake3 -E cmake_link_script CMakeFiles/cmTC_0fc23.dir/link.txt --verbose=1
/opt/gcc/4.7.4/bin/c++        CMakeFiles/cmTC_0fc23.dir/feature_tests.cxx.o  -o cmTC_0fc23 -rdynamic 
gmake[1]: Leaving directory `/home/ics/mischak/code/EuclidEmulator/EmulatorCode/EuclidEmulator_GithubRepo/wrapper2/build_kmode/CMakeFiles/CMakeTmp'


    Feature record: CXX_FEATURE:0cxx_aggregate_default_initializers
    Feature record: CXX_FEATURE:0cxx_alias_templates
    Feature record: CXX_FEATURE:0cxx_alignas
    Feature record: CXX_FEATURE:0cxx_alignof
    Feature record: CXX_FEATURE:0cxx_attributes
    Feature record: CXX_FEATURE:0cxx_attribute_deprecated
    Feature record: CXX_FEATURE:0cxx_auto_type
    Feature record: CXX_FEATURE:0cxx_binary_literals
    Feature record: CXX_FEATURE:0cxx_constexpr
    Feature record: CXX_FEATURE:0cxx_contextual_conversions
    Feature record: CXX_FEATURE:0cxx_decltype
    Feature record: CXX_FEATURE:0cxx_decltype_auto
    Feature record: CXX_FEATURE:0cxx_decltype_incomplete_return_types
    Feature record: CXX_FEATURE:0cxx_default_function_template_args
    Feature record: CXX_FEATURE:0cxx_defaulted_functions
    Feature record: CXX_FEATURE:0cxx_defaulted_move_initializers
    Feature record: CXX_FEATURE:0cxx_delegating_constructors
    Feature record: CXX_FEATURE:0cxx_deleted_functions
    Feature record: CXX_FEATURE:0cxx_digit_separators
    Feature record: CXX_FEATURE:0cxx_enum_forward_declarations
    Feature record: CXX_FEATURE:0cxx_explicit_conversions
    Feature record: CXX_FEATURE:0cxx_extended_friend_declarations
    Feature record: CXX_FEATURE:0cxx_extern_templates
    Feature record: CXX_FEATURE:0cxx_final
    Feature record: CXX_FEATURE:0cxx_func_identifier
    Feature record: CXX_FEATURE:0cxx_generalized_initializers
    Feature record: CXX_FEATURE:0cxx_generic_lambdas
    Feature record: CXX_FEATURE:0cxx_inheriting_constructors
    Feature record: CXX_FEATURE:0cxx_inline_namespaces
    Feature record: CXX_FEATURE:0cxx_lambdas
    Feature record: CXX_FEATURE:0cxx_lambda_init_captures
    Feature record: CXX_FEATURE:0cxx_local_type_template_args
    Feature record: CXX_FEATURE:0cxx_long_long_type
    Feature record: CXX_FEATURE:0cxx_noexcept
    Feature record: CXX_FEATURE:0cxx_nonstatic_member_init
    Feature record: CXX_FEATURE:0cxx_nullptr
    Feature record: CXX_FEATURE:0cxx_override
    Feature record: CXX_FEATURE:0cxx_range_for
    Feature record: CXX_FEATURE:0cxx_raw_string_literals
    Feature record: CXX_FEATURE:0cxx_reference_qualified_functions
    Feature record: CXX_FEATURE:0cxx_relaxed_constexpr
    Feature record: CXX_FEATURE:0cxx_return_type_deduction
    Feature record: CXX_FEATURE:0cxx_right_angle_brackets
    Feature record: CXX_FEATURE:0cxx_rvalue_references
    Feature record: CXX_FEATURE:0cxx_sizeof_member
    Feature record: CXX_FEATURE:0cxx_static_assert
    Feature record: CXX_FEATURE:0cxx_strong_enums
    Feature record: CXX_FEATURE:1cxx_template_template_parameters
    Feature record: CXX_FEATURE:0cxx_thread_local
    Feature record: CXX_FEATURE:0cxx_trailing_return_types
    Feature record: CXX_FEATURE:0cxx_unicode_literals
    Feature record: CXX_FEATURE:0cxx_uniform_initialization
    Feature record: CXX_FEATURE:0cxx_unrestricted_unions
    Feature record: CXX_FEATURE:0cxx_user_literals
    Feature record: CXX_FEATURE:0cxx_variable_templates
    Feature record: CXX_FEATURE:0cxx_variadic_macros
    Feature record: CXX_FEATURE:0cxx_variadic_templates
